02/04/2023 11:25:40: 1::Replicas.Replica1.Server::startListenerAndRegisterEndPoint::Endpoint: com.sun.xml.internal.ws.transport.http.server.EndpointImpl@ba54932
02/04/2023 11:25:40: 1::Replicas.Replica1.Server::startListenerAndRegisterEndPoint::Thread name: VERDUN
02/04/2023 11:25:40: 18::Replicas.Replica1.Server::requestlistener::Listener Datagram port : 2502
02/04/2023 11:25:40: 1::Replicas.Replica1.Server::startListenerAndRegisterEndPoint::State of thread: RUNNABLE
02/04/2023 11:25:40: 18::Replicas.Replica1.Server::requestlistener::Request Listener initiated for server VERDUN
02/04/2023 11:42:59: 1::Replicas.Replica1.Server::startListenerAndRegisterEndPoint::Endpoint: com.sun.xml.internal.ws.transport.http.server.EndpointImpl@45ca843
02/04/2023 11:42:59: 18::Replicas.Replica1.Server::requestlistener::Listener Datagram port : 2502
02/04/2023 11:42:59: 18::Replicas.Replica1.Server::requestlistener::Request Listener initiated for server VERDUN
02/04/2023 11:42:59: 1::Replicas.Replica1.Server::startListenerAndRegisterEndPoint::Thread name: VERDUN
02/04/2023 11:42:59: 1::Replicas.Replica1.Server::startListenerAndRegisterEndPoint::State of thread: RUNNABLE
04/04/2023 11:00:13: 1::Replicas.Replica1.Server::startListenerAndRegisterEndPoint::Endpoint: com.sun.xml.internal.ws.transport.http.server.EndpointImpl@45ca843
04/04/2023 11:00:13: 1::Replicas.Replica1.Server::startListenerAndRegisterEndPoint::Thread name: VERDUN
04/04/2023 11:00:13: 18::Replicas.Replica1.Server::requestlistener::Listener Datagram port : 2502
04/04/2023 11:00:13: 1::Replicas.Replica1.Server::startListenerAndRegisterEndPoint::State of thread: RUNNABLE
04/04/2023 11:00:13: 18::Replicas.Replica1.Server::requestlistener::Request Listener initiated for server VERDUN
04/04/2023 11:08:33: 1::Replicas.Replica1.Server::startListenerAndRegisterEndPoint::Endpoint: com.sun.xml.internal.ws.transport.http.server.EndpointImpl@45ca843
04/04/2023 11:08:33: 18::Replicas.Replica1.Server::requestlistener::Listener Datagram port : 2502
04/04/2023 11:08:33: 18::Replicas.Replica1.Server::requestlistener::Request Listener initiated for server VERDUN
04/04/2023 11:08:33: 1::Replicas.Replica1.Server::startListenerAndRegisterEndPoint::Thread name: VERDUN
04/04/2023 11:08:33: 1::Replicas.Replica1.Server::startListenerAndRegisterEndPoint::State of thread: RUNNABLE
04/04/2023 11:12:22: 1::Replicas.Replica1.Server::startListenerAndRegisterEndPoint::Endpoint: com.sun.xml.internal.ws.transport.http.server.EndpointImpl@45ca843
04/04/2023 11:12:22: 18::Replicas.Replica1.Server::requestlistener::Listener Datagram port : 2502
04/04/2023 11:12:22: 1::Replicas.Replica1.Server::startListenerAndRegisterEndPoint::Thread name: VERDUN
04/04/2023 11:12:22: 18::Replicas.Replica1.Server::requestlistener::Request Listener initiated for server VERDUN
04/04/2023 11:12:22: 1::Replicas.Replica1.Server::startListenerAndRegisterEndPoint::State of thread: RUNNABLE
04/04/2023 11:23:54: 1::Replicas.Replica1.Server::startListenerAndRegisterEndPoint::Endpoint: com.sun.xml.internal.ws.transport.http.server.EndpointImpl@45ca843
04/04/2023 11:23:54: 18::Replicas.Replica1.Server::requestlistener::Listener Datagram port : 2502
04/04/2023 11:23:54: 18::Replicas.Replica1.Server::requestlistener::Request Listener initiated for server VERDUN
04/04/2023 11:23:54: 1::Replicas.Replica1.Server::startListenerAndRegisterEndPoint::Thread name: VERDUN
04/04/2023 11:23:54: 1::Replicas.Replica1.Server::startListenerAndRegisterEndPoint::State of thread: RUNNABLE
04/04/2023 11:26:38: 18::Replicas.Replica1.Service.MovieTicket::getMoviesListInTheatre:: MovieName: AVATAR | ServerResponse: VERDUN 
Movie Name: AVATAR | MovieID: VERM220323 | Seats Available: 30| Slot: Morning | Movie Date: 22/03/2023, 

04/04/2023 11:26:38: 18::Replicas.Replica1.Server::requestlistener::Request Listener initiated for server VERDUN
04/04/2023 05:07:32: 1::Replicas.Replica1.Server::startListenerAndRegisterEndPoint::Endpoint: com.sun.xml.internal.ws.transport.http.server.EndpointImpl@45ca843
04/04/2023 05:07:32: 1::Replicas.Replica1.Server::startListenerAndRegisterEndPoint::Thread name: VERDUN
04/04/2023 05:07:32: 1::Replicas.Replica1.Server::startListenerAndRegisterEndPoint::State of thread: RUNNABLE
04/04/2023 05:07:32: 18::Replicas.Replica1.Server::requestlistener::Listener Datagram port : 2502
04/04/2023 05:07:32: 18::Replicas.Replica1.Server::requestlistener::Request Listener initiated for server VERDUN
04/04/2023 05:12:29: 18::Replicas.Replica1.Service.MovieTicket::getMoviesListInTheatre:: MovieName: AVATAR | ServerResponse: VERDUN 
Movie Name: AVATAR | MovieID: VERM220323 | Seats Available: 30| Slot: Morning | Movie Date: 22/03/2023, 

04/04/2023 05:12:29: 18::Replicas.Replica1.Server::requestlistener::Request Listener initiated for server VERDUN
04/04/2023 05:13:43: 18::Replicas.Replica1.Service.MovieTicket::getMoviesListInTheatre:: MovieName: AVATAR | ServerResponse: VERDUN 
Movie Name: AVATAR | MovieID: VERM220323 | Seats Available: 30| Slot: Morning | Movie Date: 22/03/2023, 

04/04/2023 05:13:43: 18::Replicas.Replica1.Server::requestlistener::Request Listener initiated for server VERDUN
04/04/2023 05:14:39: 18::Replicas.Replica1.Service.MovieTicket::getMoviesListInTheatre:: MovieName: AVATAR | ServerResponse: VERDUN 
Movie Name: AVATAR | MovieID: VERM220323 | Seats Available: 30| Slot: Morning | Movie Date: 22/03/2023, 

04/04/2023 05:14:39: 18::Replicas.Replica1.Server::requestlistener::Request Listener initiated for server VERDUN
04/04/2023 05:20:22: 18::Replicas.Replica1.Service.MovieTicket::getMoviesListInTheatre:: MovieName: AVATAR | ServerResponse: VERDUN 
Movie Name: AVATAR | MovieID: VERM220323 | Seats Available: 30| Slot: Morning | Movie Date: 22/03/2023, 

04/04/2023 05:20:22: 18::Replicas.Replica1.Server::requestlistener::Request Listener initiated for server VERDUN
04/04/2023 05:21:48: 18::Replicas.Replica1.Service.MovieTicket::getMoviesListInTheatre:: MovieName: AVATAR | ServerResponse: VERDUN 
Movie Name: AVATAR | MovieID: VERM220323 | Seats Available: 30| Slot: Morning | Movie Date: 22/03/2023, 

04/04/2023 05:21:48: 18::Replicas.Replica1.Server::requestlistener::Request Listener initiated for server VERDUN
04/04/2023 05:22:30: 18::Replicas.Replica1.Service.MovieTicket::getMoviesListInTheatre:: MovieName: AVATAR | ServerResponse: VERDUN 
Movie Name: AVATAR | MovieID: VERM220323 | Seats Available: 30| Slot: Morning | Movie Date: 22/03/2023, 

04/04/2023 05:22:30: 18::Replicas.Replica1.Server::requestlistener::Request Listener initiated for server VERDUN
04/04/2023 05:25:15: 18::Replicas.Replica1.Service.MovieTicket::getMoviesListInTheatre:: MovieName: AVATAR | ServerResponse: VERDUN 
Movie Name: AVATAR | MovieID: VERM220323 | Seats Available: 30| Slot: Morning | Movie Date: 22/03/2023, 

04/04/2023 05:25:15: 18::Replicas.Replica1.Server::requestlistener::Request Listener initiated for server VERDUN
04/04/2023 05:55:41: 1::Replicas.Replica1.Server::startListenerAndRegisterEndPoint::Endpoint: com.sun.xml.internal.ws.transport.http.server.EndpointImpl@45ca843
04/04/2023 05:55:41: 18::Replicas.Replica1.Server::requestlistener::Listener Datagram port : 2502
04/04/2023 05:55:41: 18::Replicas.Replica1.Server::requestlistener::Request Listener initiated for server VERDUN
04/04/2023 05:55:41: 1::Replicas.Replica1.Server::startListenerAndRegisterEndPoint::Thread name: VERDUN
04/04/2023 05:55:41: 1::Replicas.Replica1.Server::startListenerAndRegisterEndPoint::State of thread: RUNNABLE
04/04/2023 05:56:27: 1::Replicas.Replica1.Server::startListenerAndRegisterEndPoint::Endpoint: com.sun.xml.internal.ws.transport.http.server.EndpointImpl@45ca843
04/04/2023 05:56:27: 18::Replicas.Replica1.Server::requestlistener::Listener Datagram port : 2502
04/04/2023 05:56:27: 18::Replicas.Replica1.Server::requestlistener::Request Listener initiated for server VERDUN
04/04/2023 05:56:27: 1::Replicas.Replica1.Server::startListenerAndRegisterEndPoint::Thread name: VERDUN
04/04/2023 05:56:27: 1::Replicas.Replica1.Server::startListenerAndRegisterEndPoint::State of thread: RUNNABLE
04/04/2023 06:02:57: 1::Replicas.Replica3.Server::startListenerAndRegisterEndPoint::Endpoint: com.sun.xml.internal.ws.transport.http.server.EndpointImpl@45ca843
04/04/2023 06:02:57: 1::Replicas.Replica3.Server::startListenerAndRegisterEndPoint::Thread name: VERDUN
04/04/2023 06:02:57: 18::Replicas.Replica3.Server::requestlistener::Listener Datagram port : 2508
04/04/2023 06:02:57: 18::Replicas.Replica3.Server::requestlistener::Request Listener initiated for server VERDUN
04/04/2023 06:02:57: 1::Replicas.Replica3.Server::startListenerAndRegisterEndPoint::State of thread: RUNNABLE
04/04/2023 06:37:55: 1::Replicas.Replica3.Server::startListenerAndRegisterEndPoint::Endpoint: com.sun.xml.internal.ws.transport.http.server.EndpointImpl@45ca843
04/04/2023 06:37:55: 1::Replicas.Replica3.Server::startListenerAndRegisterEndPoint::Thread name: VERDUN
04/04/2023 06:37:55: 18::Replicas.Replica3.Server::requestlistener::Listener Datagram port : 2508
04/04/2023 06:37:55: 18::Replicas.Replica3.Server::requestlistener::Request Listener initiated for server VERDUN
04/04/2023 06:37:55: 1::Replicas.Replica3.Server::startListenerAndRegisterEndPoint::State of thread: RUNNABLE
04/04/2023 06:39:47: 1::Replicas.Replica1.Server::startListenerAndRegisterEndPoint::Endpoint: com.sun.xml.internal.ws.transport.http.server.EndpointImpl@45ca843
04/04/2023 06:39:48: 1::Replicas.Replica1.Server::startListenerAndRegisterEndPoint::Thread name: VERDUN
04/04/2023 06:39:48: 18::Replicas.Replica1.Server::requestlistener::Listener Datagram port : 2502
04/04/2023 06:39:48: 1::Replicas.Replica1.Server::startListenerAndRegisterEndPoint::State of thread: RUNNABLE
04/04/2023 06:39:48: 18::Replicas.Replica1.Server::requestlistener::Request Listener initiated for server VERDUN
04/04/2023 06:40:06: 18::Replicas.Replica1.Service.MovieTicket::getMoviesListInTheatre:: MovieName: AVATAR | ServerResponse: VERDUN 
Movie Name: AVATAR | MovieID: VERM220323 | Seats Available: 30| Slot: Morning | Movie Date: 22/03/2023, 

04/04/2023 06:40:06: 18::Replicas.Replica1.Server::requestlistener::Request Listener initiated for server VERDUN
04/04/2023 06:40:06: 18::Replicas.Replica1.Service.MovieTicket::getMoviesListInTheatre:: MovieName: AVATAR | ServerResponse: VERDUN 
Movie Name: AVATAR | MovieID: VERM220323 | Seats Available: 30| Slot: Morning | Movie Date: 22/03/2023, 

04/04/2023 06:40:06: 18::Replicas.Replica1.Server::requestlistener::Request Listener initiated for server VERDUN
04/04/2023 06:40:06: 18::Replicas.Replica1.Service.MovieTicket::getMoviesListInTheatre:: MovieName: AVATAR | ServerResponse: VERDUN 
Movie Name: AVATAR | MovieID: VERM220323 | Seats Available: 30| Slot: Morning | Movie Date: 22/03/2023, 

04/04/2023 06:40:06: 18::Replicas.Replica1.Server::requestlistener::Request Listener initiated for server VERDUN
04/04/2023 06:44:28: 18::Replicas.Replica1.Service.MovieTicket::getMoviesListInTheatre:: MovieName: AVATAR | ServerResponse: VERDUN 
Movie Name: AVATAR | MovieID: VERM220323 | Seats Available: 30| Slot: Morning | Movie Date: 22/03/2023, 

04/04/2023 06:44:28: 18::Replicas.Replica1.Server::requestlistener::Request Listener initiated for server VERDUN
04/04/2023 06:44:28: 18::Replicas.Replica1.Service.MovieTicket::getMoviesListInTheatre:: MovieName: AVATAR | ServerResponse: VERDUN 
Movie Name: AVATAR | MovieID: VERM220323 | Seats Available: 30| Slot: Morning | Movie Date: 22/03/2023, 

04/04/2023 06:44:28: 18::Replicas.Replica1.Server::requestlistener::Request Listener initiated for server VERDUN
04/04/2023 06:44:28: 18::Replicas.Replica1.Service.MovieTicket::getMoviesListInTheatre:: MovieName: AVATAR | ServerResponse: VERDUN 
Movie Name: AVATAR | MovieID: VERM220323 | Seats Available: 30| Slot: Morning | Movie Date: 22/03/2023, 

04/04/2023 06:44:28: 18::Replicas.Replica1.Server::requestlistener::Request Listener initiated for server VERDUN
04/04/2023 06:50:13: 18::Replicas.Replica1.Service.MovieTicket::getMoviesListInTheatre:: MovieName: AVATAR | ServerResponse: VERDUN 
Movie Name: AVATAR | MovieID: VERM220323 | Seats Available: 30| Slot: Morning | Movie Date: 22/03/2023, 

04/04/2023 06:50:13: 18::Replicas.Replica1.Server::requestlistener::Request Listener initiated for server VERDUN
04/04/2023 06:50:13: 18::Replicas.Replica1.Service.MovieTicket::getMoviesListInTheatre:: MovieName: AVATAR | ServerResponse: VERDUN 
Movie Name: AVATAR | MovieID: VERM220323 | Seats Available: 30| Slot: Morning | Movie Date: 22/03/2023, 

04/04/2023 06:50:13: 18::Replicas.Replica1.Server::requestlistener::Request Listener initiated for server VERDUN
04/04/2023 06:50:13: 18::Replicas.Replica1.Service.MovieTicket::getMoviesListInTheatre:: MovieName: AVATAR | ServerResponse: VERDUN 
Movie Name: AVATAR | MovieID: VERM220323 | Seats Available: 30| Slot: Morning | Movie Date: 22/03/2023, 

04/04/2023 06:50:13: 18::Replicas.Replica1.Server::requestlistener::Request Listener initiated for server VERDUN
04/04/2023 06:58:28: 18::Replicas.Replica1.Service.MovieTicket::getMoviesListInTheatre:: MovieName: AVATAR | ServerResponse: VERDUN 
Movie Name: AVATAR | MovieID: VERM220323 | Seats Available: 30| Slot: Morning | Movie Date: 22/03/2023, 

04/04/2023 06:58:28: 18::Replicas.Replica1.Server::requestlistener::Request Listener initiated for server VERDUN
04/04/2023 06:58:28: 18::Replicas.Replica1.Service.MovieTicket::getMoviesListInTheatre:: MovieName: AVATAR | ServerResponse: VERDUN 
Movie Name: AVATAR | MovieID: VERM220323 | Seats Available: 30| Slot: Morning | Movie Date: 22/03/2023, 

04/04/2023 06:58:28: 18::Replicas.Replica1.Server::requestlistener::Request Listener initiated for server VERDUN
04/04/2023 06:58:28: 18::Replicas.Replica1.Service.MovieTicket::getMoviesListInTheatre:: MovieName: AVATAR | ServerResponse: VERDUN 
Movie Name: AVATAR | MovieID: VERM220323 | Seats Available: 30| Slot: Morning | Movie Date: 22/03/2023, 

04/04/2023 06:58:28: 18::Replicas.Replica1.Server::requestlistener::Request Listener initiated for server VERDUN
04/04/2023 07:25:02: 18::Replicas.Replica1.Service.MovieTicket::getMoviesListInTheatre:: MovieName: AVATAR | ServerResponse: VERDUN 
Movie Name: AVATAR | MovieID: VERM220323 | Seats Available: 30| Slot: Morning | Movie Date: 22/03/2023, 

04/04/2023 07:25:02: 18::Replicas.Replica1.Server::requestlistener::Request Listener initiated for server VERDUN
04/04/2023 07:25:02: 18::Replicas.Replica1.Service.MovieTicket::getMoviesListInTheatre:: MovieName: AVATAR | ServerResponse: VERDUN 
Movie Name: AVATAR | MovieID: VERM220323 | Seats Available: 30| Slot: Morning | Movie Date: 22/03/2023, 

04/04/2023 07:25:02: 18::Replicas.Replica1.Server::requestlistener::Request Listener initiated for server VERDUN
04/04/2023 07:25:02: 18::Replicas.Replica1.Service.MovieTicket::getMoviesListInTheatre:: MovieName: AVATAR | ServerResponse: VERDUN 
Movie Name: AVATAR | MovieID: VERM220323 | Seats Available: 30| Slot: Morning | Movie Date: 22/03/2023, 

04/04/2023 07:25:02: 18::Replicas.Replica1.Server::requestlistener::Request Listener initiated for server VERDUN
04/04/2023 07:25:17: 18::Replicas.Replica1.Service.MovieTicket::getMoviesListInTheatre:: MovieName: AVATAR | ServerResponse: VERDUN 
Movie Name: AVATAR | MovieID: VERM220323 | Seats Available: 30| Slot: Morning | Movie Date: 22/03/2023, 

04/04/2023 07:25:17: 18::Replicas.Replica1.Server::requestlistener::Request Listener initiated for server VERDUN
04/04/2023 07:25:17: 18::Replicas.Replica1.Service.MovieTicket::getMoviesListInTheatre:: MovieName: AVATAR | ServerResponse: VERDUN 
Movie Name: AVATAR | MovieID: VERM220323 | Seats Available: 30| Slot: Morning | Movie Date: 22/03/2023, 

04/04/2023 07:25:17: 18::Replicas.Replica1.Server::requestlistener::Request Listener initiated for server VERDUN
04/04/2023 07:25:17: 18::Replicas.Replica1.Service.MovieTicket::getMoviesListInTheatre:: MovieName: AVATAR | ServerResponse: VERDUN 
Movie Name: AVATAR | MovieID: VERM220323 | Seats Available: 30| Slot: Morning | Movie Date: 22/03/2023, 

04/04/2023 07:25:17: 18::Replicas.Replica1.Server::requestlistener::Request Listener initiated for server VERDUN
04/04/2023 07:43:25: 18::Replicas.Replica1.Service.MovieTicket::getMoviesListInTheatre:: MovieName: AVATAR | ServerResponse: VERDUN 
Movie Name: AVATAR | MovieID: VERM220323 | Seats Available: 30| Slot: Morning | Movie Date: 22/03/2023, 

04/04/2023 07:43:25: 18::Replicas.Replica1.Server::requestlistener::Request Listener initiated for server VERDUN
04/04/2023 07:43:25: 18::Replicas.Replica1.Service.MovieTicket::getMoviesListInTheatre:: MovieName: AVATAR | ServerResponse: VERDUN 
Movie Name: AVATAR | MovieID: VERM220323 | Seats Available: 30| Slot: Morning | Movie Date: 22/03/2023, 

04/04/2023 07:43:25: 18::Replicas.Replica1.Server::requestlistener::Request Listener initiated for server VERDUN
04/04/2023 07:43:25: 18::Replicas.Replica1.Service.MovieTicket::getMoviesListInTheatre:: MovieName: AVATAR | ServerResponse: VERDUN 
Movie Name: AVATAR | MovieID: VERM220323 | Seats Available: 30| Slot: Morning | Movie Date: 22/03/2023, 

04/04/2023 07:43:25: 18::Replicas.Replica1.Server::requestlistener::Request Listener initiated for server VERDUN
04/04/2023 07:46:42: 18::Replicas.Replica1.Service.MovieTicket::getMoviesListInTheatre:: MovieName: AVATAR | ServerResponse: VERDUN 
Movie Name: AVATAR | MovieID: VERM220323 | Seats Available: 30| Slot: Morning | Movie Date: 22/03/2023, 

04/04/2023 07:46:42: 18::Replicas.Replica1.Server::requestlistener::Request Listener initiated for server VERDUN
04/04/2023 07:46:42: 18::Replicas.Replica1.Service.MovieTicket::getMoviesListInTheatre:: MovieName: AVATAR | ServerResponse: VERDUN 
Movie Name: AVATAR | MovieID: VERM220323 | Seats Available: 30| Slot: Morning | Movie Date: 22/03/2023, 

04/04/2023 07:46:42: 18::Replicas.Replica1.Server::requestlistener::Request Listener initiated for server VERDUN
04/04/2023 07:46:42: 18::Replicas.Replica1.Service.MovieTicket::getMoviesListInTheatre:: MovieName: AVATAR | ServerResponse: VERDUN 
Movie Name: AVATAR | MovieID: VERM220323 | Seats Available: 30| Slot: Morning | Movie Date: 22/03/2023, 

04/04/2023 07:46:42: 18::Replicas.Replica1.Server::requestlistener::Request Listener initiated for server VERDUN
04/04/2023 07:47:34: 18::Replicas.Replica1.Service.MovieTicket::getMoviesListInTheatre:: MovieName: AVATAR | ServerResponse: VERDUN 
Movie Name: AVATAR | MovieID: VERM220323 | Seats Available: 30| Slot: Morning | Movie Date: 22/03/2023, 

04/04/2023 07:47:34: 18::Replicas.Replica1.Server::requestlistener::Request Listener initiated for server VERDUN
04/04/2023 07:47:34: 18::Replicas.Replica1.Service.MovieTicket::getMoviesListInTheatre:: MovieName: AVATAR | ServerResponse: VERDUN 
Movie Name: AVATAR | MovieID: VERM220323 | Seats Available: 30| Slot: Morning | Movie Date: 22/03/2023, 

04/04/2023 07:47:34: 18::Replicas.Replica1.Server::requestlistener::Request Listener initiated for server VERDUN
04/04/2023 07:48:14: 18::Replicas.Replica1.Service.MovieTicket::getMoviesListInTheatre:: MovieName: AVATAR | ServerResponse: VERDUN 
Movie Name: AVATAR | MovieID: VERM220323 | Seats Available: 30| Slot: Morning | Movie Date: 22/03/2023, 

04/04/2023 07:48:14: 18::Replicas.Replica1.Server::requestlistener::Request Listener initiated for server VERDUN
04/04/2023 07:48:14: 18::Replicas.Replica1.Service.MovieTicket::getMoviesListInTheatre:: MovieName: AVATAR | ServerResponse: VERDUN 
Movie Name: AVATAR | MovieID: VERM220323 | Seats Available: 30| Slot: Morning | Movie Date: 22/03/2023, 

04/04/2023 07:48:14: 18::Replicas.Replica1.Server::requestlistener::Request Listener initiated for server VERDUN
04/04/2023 07:50:29: 18::Replicas.Replica1.Service.MovieTicket::getMoviesListInTheatre:: MovieName: AVATAR | ServerResponse: VERDUN 
Movie Name: AVATAR | MovieID: VERM220323 | Seats Available: 30| Slot: Morning | Movie Date: 22/03/2023, 

04/04/2023 07:50:29: 18::Replicas.Replica1.Server::requestlistener::Request Listener initiated for server VERDUN
04/04/2023 07:50:29: 18::Replicas.Replica1.Service.MovieTicket::getMoviesListInTheatre:: MovieName: AVATAR | ServerResponse: VERDUN 
Movie Name: AVATAR | MovieID: VERM220323 | Seats Available: 30| Slot: Morning | Movie Date: 22/03/2023, 

04/04/2023 07:50:29: 18::Replicas.Replica1.Server::requestlistener::Request Listener initiated for server VERDUN
04/04/2023 07:50:54: 18::Replicas.Replica1.Service.MovieTicket::getMoviesListInTheatre:: MovieName: AVATAR | ServerResponse: VERDUN 
Movie Name: AVATAR | MovieID: VERM220323 | Seats Available: 30| Slot: Morning | Movie Date: 22/03/2023, 

04/04/2023 07:50:54: 18::Replicas.Replica1.Server::requestlistener::Request Listener initiated for server VERDUN
04/04/2023 07:50:54: 18::Replicas.Replica1.Service.MovieTicket::getMoviesListInTheatre:: MovieName: AVATAR | ServerResponse: VERDUN 
Movie Name: AVATAR | MovieID: VERM220323 | Seats Available: 30| Slot: Morning | Movie Date: 22/03/2023, 

04/04/2023 07:50:54: 18::Replicas.Replica1.Server::requestlistener::Request Listener initiated for server VERDUN
04/04/2023 07:51:34: 18::Replicas.Replica1.Service.MovieTicket::getMoviesListInTheatre:: MovieName: AVATAR | ServerResponse: VERDUN 
Movie Name: AVATAR | MovieID: VERM220323 | Seats Available: 30| Slot: Morning | Movie Date: 22/03/2023, 

04/04/2023 07:51:34: 18::Replicas.Replica1.Server::requestlistener::Request Listener initiated for server VERDUN
04/04/2023 07:51:34: 18::Replicas.Replica1.Service.MovieTicket::getMoviesListInTheatre:: MovieName: AVATAR | ServerResponse: VERDUN 
Movie Name: AVATAR | MovieID: VERM220323 | Seats Available: 30| Slot: Morning | Movie Date: 22/03/2023, 

04/04/2023 07:51:34: 18::Replicas.Replica1.Server::requestlistener::Request Listener initiated for server VERDUN
04/04/2023 07:51:58: 18::Replicas.Replica1.Service.MovieTicket::getMoviesListInTheatre:: MovieName: AVATAR | ServerResponse: VERDUN 
Movie Name: AVATAR | MovieID: VERM220323 | Seats Available: 30| Slot: Morning | Movie Date: 22/03/2023, 

04/04/2023 07:51:58: 18::Replicas.Replica1.Server::requestlistener::Request Listener initiated for server VERDUN
04/04/2023 07:51:58: 18::Replicas.Replica1.Service.MovieTicket::getMoviesListInTheatre:: MovieName: AVATAR | ServerResponse: VERDUN 
Movie Name: AVATAR | MovieID: VERM220323 | Seats Available: 30| Slot: Morning | Movie Date: 22/03/2023, 

04/04/2023 07:51:58: 18::Replicas.Replica1.Server::requestlistener::Request Listener initiated for server VERDUN
04/04/2023 07:52:33: 18::Replicas.Replica1.Service.MovieTicket::getMoviesListInTheatre:: MovieName: AVATAR | ServerResponse: VERDUN 
Movie Name: AVATAR | MovieID: VERM220323 | Seats Available: 30| Slot: Morning | Movie Date: 22/03/2023, 

04/04/2023 07:52:33: 18::Replicas.Replica1.Server::requestlistener::Request Listener initiated for server VERDUN
04/04/2023 07:52:33: 18::Replicas.Replica1.Service.MovieTicket::getMoviesListInTheatre:: MovieName: AVATAR | ServerResponse: VERDUN 
Movie Name: AVATAR | MovieID: VERM220323 | Seats Available: 30| Slot: Morning | Movie Date: 22/03/2023, 

04/04/2023 07:52:33: 18::Replicas.Replica1.Server::requestlistener::Request Listener initiated for server VERDUN
04/04/2023 09:52:41: 1::Replicas.Replica1.Server::startListenerAndRegisterEndPoint::Endpoint: com.sun.xml.internal.ws.transport.http.server.EndpointImpl@45ca843
04/04/2023 09:52:41: 18::Replicas.Replica1.Server::requestlistener::Listener Datagram port : 2502
04/04/2023 09:52:41: 18::Replicas.Replica1.Server::requestlistener::Request Listener initiated for server VERDUN
04/04/2023 09:52:41: 1::Replicas.Replica1.Server::startListenerAndRegisterEndPoint::Thread name: VERDUN
04/04/2023 09:52:41: 1::Replicas.Replica1.Server::startListenerAndRegisterEndPoint::State of thread: RUNNABLE
04/04/2023 09:55:56: 1::Replicas.Replica1.Server::startListenerAndRegisterEndPoint::Endpoint: com.sun.xml.internal.ws.transport.http.server.EndpointImpl@45ca843
04/04/2023 09:55:56: 18::Replicas.Replica1.Server::requestlistener::Listener Datagram port : 2502
04/04/2023 09:55:56: 18::Replicas.Replica1.Server::requestlistener::Request Listener initiated for server VERDUN
04/04/2023 09:55:56: 1::Replicas.Replica1.Server::startListenerAndRegisterEndPoint::Thread name: VERDUN
04/04/2023 09:55:56: 1::Replicas.Replica1.Server::startListenerAndRegisterEndPoint::State of thread: RUNNABLE
04/04/2023 09:59:52: 1::Replicas.Replica1.Server::startListenerAndRegisterEndPoint::Endpoint: com.sun.xml.internal.ws.transport.http.server.EndpointImpl@45ca843
04/04/2023 09:59:52: 18::Replicas.Replica1.Server::requestlistener::Listener Datagram port : 2502
04/04/2023 09:59:52: 18::Replicas.Replica1.Server::requestlistener::Request Listener initiated for server VERDUN
04/04/2023 09:59:52: 1::Replicas.Replica1.Server::startListenerAndRegisterEndPoint::Thread name: VERDUN
04/04/2023 09:59:52: 1::Replicas.Replica1.Server::startListenerAndRegisterEndPoint::State of thread: RUNNABLE
04/04/2023 10:02:19: 18::Replicas.Replica1.Service.MovieTicket::getMoviesListInTheatre:: MovieName: AVATAR | ServerResponse: VERDUN 
Movie Name: AVATAR | MovieID: VERM220323 | Seats Available: 30| Slot: Morning | Movie Date: 22/03/2023, 

04/04/2023 10:02:19: 18::Replicas.Replica1.Server::requestlistener::Request Listener initiated for server VERDUN
04/04/2023 10:02:19: 18::Replicas.Replica1.Service.MovieTicket::getMoviesListInTheatre:: MovieName: AVATAR | ServerResponse: VERDUN 
Movie Name: AVATAR | MovieID: VERM220323 | Seats Available: 30| Slot: Morning | Movie Date: 22/03/2023, 

04/04/2023 10:02:19: 18::Replicas.Replica1.Server::requestlistener::Request Listener initiated for server VERDUN
04/04/2023 10:09:00: 1::Replicas.Replica1.Server::startListenerAndRegisterEndPoint::Endpoint: com.sun.xml.internal.ws.transport.http.server.EndpointImpl@45ca843
04/04/2023 10:09:00: 1::Replicas.Replica1.Server::startListenerAndRegisterEndPoint::Thread name: VERDUN
04/04/2023 10:09:00: 18::Replicas.Replica1.Server::requestlistener::Listener Datagram port : 2502
04/04/2023 10:09:00: 1::Replicas.Replica1.Server::startListenerAndRegisterEndPoint::State of thread: RUNNABLE
04/04/2023 10:09:00: 18::Replicas.Replica1.Server::requestlistener::Request Listener initiated for server VERDUN
04/04/2023 10:12:34: 18::Replicas.Replica1.Service.MovieTicket::getMoviesListInTheatre:: MovieName: AVATAR | ServerResponse: VERDUN 
Movie Name: AVATAR | MovieID: VERM220323 | Seats Available: 30| Slot: Morning | Movie Date: 22/03/2023, 

04/04/2023 10:12:34: 18::Replicas.Replica1.Server::requestlistener::Request Listener initiated for server VERDUN
04/04/2023 10:12:34: 18::Replicas.Replica1.Service.MovieTicket::getMoviesListInTheatre:: MovieName: AVATAR | ServerResponse: VERDUN 
Movie Name: AVATAR | MovieID: VERM220323 | Seats Available: 30| Slot: Morning | Movie Date: 22/03/2023, 

04/04/2023 10:12:34: 18::Replicas.Replica1.Server::requestlistener::Request Listener initiated for server VERDUN
04/04/2023 10:12:34: 18::Replicas.Replica1.Service.MovieTicket::getMoviesListInTheatre:: MovieName: AVATAR | ServerResponse: VERDUN 
Movie Name: AVATAR | MovieID: VERM220323 | Seats Available: 30| Slot: Morning | Movie Date: 22/03/2023, 

04/04/2023 10:12:34: 18::Replicas.Replica1.Server::requestlistener::Request Listener initiated for server VERDUN
04/04/2023 10:13:37: 18::Replicas.Replica1.Service.MovieTicket::getMoviesListInTheatre:: MovieName: AVATAR | ServerResponse: VERDUN 
Movie Name: AVATAR | MovieID: VERM220323 | Seats Available: 30| Slot: Morning | Movie Date: 22/03/2023, 

04/04/2023 10:13:37: 18::Replicas.Replica1.Server::requestlistener::Request Listener initiated for server VERDUN
04/04/2023 10:13:37: 18::Replicas.Replica1.Service.MovieTicket::getMoviesListInTheatre:: MovieName: AVATAR | ServerResponse: VERDUN 
Movie Name: AVATAR | MovieID: VERM220323 | Seats Available: 30| Slot: Morning | Movie Date: 22/03/2023, 

04/04/2023 10:13:37: 18::Replicas.Replica1.Server::requestlistener::Request Listener initiated for server VERDUN
04/04/2023 10:13:37: 18::Replicas.Replica1.Service.MovieTicket::getMoviesListInTheatre:: MovieName: AVATAR | ServerResponse: VERDUN 
Movie Name: AVATAR | MovieID: VERM220323 | Seats Available: 30| Slot: Morning | Movie Date: 22/03/2023, 

04/04/2023 10:13:37: 18::Replicas.Replica1.Server::requestlistener::Request Listener initiated for server VERDUN
04/04/2023 10:15:53: 18::Replicas.Replica1.Service.MovieTicket::findNextAvailableSlot::CustomerID: ATWM1212 | MovieID: ATWM080423 | MovieName: AVATAR | ServerResponse: nextAvailableBookingID: VERM220323 at Theater: VERDUN
04/04/2023 10:15:53: 18::Replicas.Replica1.Server::requestlistener::Request Listener initiated for server VERDUN
04/04/2023 10:15:53: 18::Replicas.Replica1.Service.MovieTicket::findNextAvailableSlot::CustomerID: ATWM1212 | MovieID: ATWA070423 | MovieName: AVATAR | ServerResponse: nextAvailableBookingID: VERM220323 at Theater: VERDUN
04/04/2023 10:15:53: 18::Replicas.Replica1.Server::requestlistener::Request Listener initiated for server VERDUN
04/04/2023 10:15:53: 18::Replicas.Replica1.Service.MovieTicket::findNextAvailableSlot::CustomerID: ATWM1212 | MovieID: ATWM080423 | MovieName: AVATAR | ServerResponse: nextAvailableBookingID: VERM220323 at Theater: VERDUN
04/04/2023 10:15:53: 18::Replicas.Replica1.Server::requestlistener::Request Listener initiated for server VERDUN
04/04/2023 10:16:59: 18::Replicas.Replica1.Service.MovieTicket::getMoviesListInTheatre:: MovieName: AVATAR | ServerResponse: VERDUN 
Movie Name: AVATAR | MovieID: VERM220323 | Seats Available: 30| Slot: Morning | Movie Date: 22/03/2023, 

04/04/2023 10:16:59: 18::Replicas.Replica1.Server::requestlistener::Request Listener initiated for server VERDUN
04/04/2023 10:16:59: 18::Replicas.Replica1.Service.MovieTicket::getMoviesListInTheatre:: MovieName: AVATAR | ServerResponse: VERDUN 
Movie Name: AVATAR | MovieID: VERM220323 | Seats Available: 30| Slot: Morning | Movie Date: 22/03/2023, 

04/04/2023 10:16:59: 18::Replicas.Replica1.Server::requestlistener::Request Listener initiated for server VERDUN
04/04/2023 10:16:59: 18::Replicas.Replica1.Service.MovieTicket::getMoviesListInTheatre:: MovieName: AVATAR | ServerResponse: VERDUN 
Movie Name: AVATAR | MovieID: VERM220323 | Seats Available: 30| Slot: Morning | Movie Date: 22/03/2023, 

04/04/2023 10:16:59: 18::Replicas.Replica1.Server::requestlistener::Request Listener initiated for server VERDUN
04/04/2023 10:21:01: 18::Replicas.Replica1.Service.MovieTicket::getMoviesListInTheatre:: MovieName: AVATAR | ServerResponse: VERDUN 
Movie Name: AVATAR | MovieID: VERM220323 | Seats Available: 30| Slot: Morning | Movie Date: 22/03/2023, 

04/04/2023 10:21:01: 18::Replicas.Replica1.Server::requestlistener::Request Listener initiated for server VERDUN
04/04/2023 10:21:01: 18::Replicas.Replica1.Service.MovieTicket::getMoviesListInTheatre:: MovieName: AVATAR | ServerResponse: VERDUN 
Movie Name: AVATAR | MovieID: VERM220323 | Seats Available: 30| Slot: Morning | Movie Date: 22/03/2023, 

04/04/2023 10:21:01: 18::Replicas.Replica1.Server::requestlistener::Request Listener initiated for server VERDUN
04/04/2023 10:21:27: 18::Replicas.Replica1.Service.MovieTicket::getMoviesListInTheatre:: MovieName: AVATAR | ServerResponse: VERDUN 
Movie Name: AVATAR | MovieID: VERM220323 | Seats Available: 30| Slot: Morning | Movie Date: 22/03/2023, 

04/04/2023 10:21:27: 18::Replicas.Replica1.Server::requestlistener::Request Listener initiated for server VERDUN
04/04/2023 10:21:27: 18::Replicas.Replica1.Service.MovieTicket::getMoviesListInTheatre:: MovieName: AVATAR | ServerResponse: VERDUN 
Movie Name: AVATAR | MovieID: VERM220323 | Seats Available: 30| Slot: Morning | Movie Date: 22/03/2023, 

04/04/2023 10:21:27: 18::Replicas.Replica1.Server::requestlistener::Request Listener initiated for server VERDUN
04/04/2023 10:22:05: 18::Replicas.Replica1.Service.MovieTicket::getMoviesListInTheatre:: MovieName: AVATAR | ServerResponse: VERDUN 
Movie Name: AVATAR | MovieID: VERM220323 | Seats Available: 30| Slot: Morning | Movie Date: 22/03/2023, 

04/04/2023 10:22:05: 18::Replicas.Replica1.Server::requestlistener::Request Listener initiated for server VERDUN
04/04/2023 10:22:05: 18::Replicas.Replica1.Service.MovieTicket::getMoviesListInTheatre:: MovieName: AVATAR | ServerResponse: VERDUN 
Movie Name: AVATAR | MovieID: VERM220323 | Seats Available: 30| Slot: Morning | Movie Date: 22/03/2023, 

04/04/2023 10:22:05: 18::Replicas.Replica1.Server::requestlistener::Request Listener initiated for server VERDUN
04/04/2023 10:22:15: 18::Replicas.Replica1.Service.MovieTicket::getMoviesListInTheatre:: MovieName: AVATAR | ServerResponse: VERDUN 
Movie Name: AVATAR | MovieID: VERM220323 | Seats Available: 30| Slot: Morning | Movie Date: 22/03/2023, 

04/04/2023 10:22:15: 18::Replicas.Replica1.Server::requestlistener::Request Listener initiated for server VERDUN
04/04/2023 10:22:15: 18::Replicas.Replica1.Service.MovieTicket::getMoviesListInTheatre:: MovieName: AVATAR | ServerResponse: VERDUN 
Movie Name: AVATAR | MovieID: VERM220323 | Seats Available: 30| Slot: Morning | Movie Date: 22/03/2023, 

04/04/2023 10:22:15: 18::Replicas.Replica1.Server::requestlistener::Request Listener initiated for server VERDUN
04/04/2023 10:22:15: 18::Replicas.Replica1.Service.MovieTicket::getMoviesListInTheatre:: MovieName: AVATAR | ServerResponse: VERDUN 
Movie Name: AVATAR | MovieID: VERM220323 | Seats Available: 30| Slot: Morning | Movie Date: 22/03/2023, 

04/04/2023 10:22:15: 18::Replicas.Replica1.Server::requestlistener::Request Listener initiated for server VERDUN
04/04/2023 10:23:59: 18::Replicas.Replica1.Service.MovieTicket::getMoviesListInTheatre:: MovieName: AVATAR | ServerResponse: VERDUN 
Movie Name: AVATAR | MovieID: VERM220323 | Seats Available: 30| Slot: Morning | Movie Date: 22/03/2023, 

04/04/2023 10:23:59: 18::Replicas.Replica1.Server::requestlistener::Request Listener initiated for server VERDUN
04/04/2023 10:23:59: 18::Replicas.Replica1.Service.MovieTicket::getMoviesListInTheatre:: MovieName: AVATAR | ServerResponse: VERDUN 
Movie Name: AVATAR | MovieID: VERM220323 | Seats Available: 30| Slot: Morning | Movie Date: 22/03/2023, 

04/04/2023 10:23:59: 18::Replicas.Replica1.Server::requestlistener::Request Listener initiated for server VERDUN
04/04/2023 10:23:59: 18::Replicas.Replica1.Service.MovieTicket::getMoviesListInTheatre:: MovieName: AVATAR | ServerResponse: VERDUN 
Movie Name: AVATAR | MovieID: VERM220323 | Seats Available: 30| Slot: Morning | Movie Date: 22/03/2023, 

04/04/2023 10:23:59: 18::Replicas.Replica1.Server::requestlistener::Request Listener initiated for server VERDUN
04/04/2023 10:41:26: 18::Replicas.Replica1.Service.MovieTicket::getMoviesListInTheatre:: MovieName: AVATAR | ServerResponse: VERDUN 
Movie Name: AVATAR | MovieID: VERM220323 | Seats Available: 30| Slot: Morning | Movie Date: 22/03/2023, 

04/04/2023 10:41:26: 18::Replicas.Replica1.Server::requestlistener::Request Listener initiated for server VERDUN
04/04/2023 10:41:26: 18::Replicas.Replica1.Service.MovieTicket::getMoviesListInTheatre:: MovieName: AVATAR | ServerResponse: VERDUN 
Movie Name: AVATAR | MovieID: VERM220323 | Seats Available: 30| Slot: Morning | Movie Date: 22/03/2023, 

04/04/2023 10:41:26: 18::Replicas.Replica1.Server::requestlistener::Request Listener initiated for server VERDUN
04/04/2023 10:41:26: 18::Replicas.Replica1.Service.MovieTicket::getMoviesListInTheatre:: MovieName: AVATAR | ServerResponse: VERDUN 
Movie Name: AVATAR | MovieID: VERM220323 | Seats Available: 30| Slot: Morning | Movie Date: 22/03/2023, 

04/04/2023 10:41:26: 18::Replicas.Replica1.Server::requestlistener::Request Listener initiated for server VERDUN
04/04/2023 11:11:35: 1::Replicas.Replica1.Server::startListenerAndRegisterEndPoint::Endpoint: com.sun.xml.internal.ws.transport.http.server.EndpointImpl@45ca843
04/04/2023 11:11:35: 1::Replicas.Replica1.Server::startListenerAndRegisterEndPoint::Thread name: VERDUN
04/04/2023 11:11:35: 18::Replicas.Replica1.Server::requestlistener::Listener Datagram port : 2502
04/04/2023 11:11:35: 18::Replicas.Replica1.Server::requestlistener::Request Listener initiated for server VERDUN
04/04/2023 11:11:35: 1::Replicas.Replica1.Server::startListenerAndRegisterEndPoint::State of thread: RUNNABLE
04/04/2023 11:23:19: 18::Replicas.Replica1.Service.MovieTicket::getMoviesListInTheatre:: MovieName: AVATAR | ServerResponse: VERDUN 
Movie Name: AVATAR | MovieID: VERM220323 | Seats Available: 30| Slot: Morning | Movie Date: 22/03/2023, 

04/04/2023 11:23:19: 18::Replicas.Replica1.Server::requestlistener::Request Listener initiated for server VERDUN
04/04/2023 11:23:19: 18::Replicas.Replica1.Service.MovieTicket::getMoviesListInTheatre:: MovieName: AVATAR | ServerResponse: VERDUN 
Movie Name: AVATAR | MovieID: VERM220323 | Seats Available: 30| Slot: Morning | Movie Date: 22/03/2023, 

04/04/2023 11:23:19: 18::Replicas.Replica1.Server::requestlistener::Request Listener initiated for server VERDUN
04/04/2023 11:23:19: 18::Replicas.Replica1.Service.MovieTicket::getMoviesListInTheatre:: MovieName: AVATAR | ServerResponse: VERDUN 
Movie Name: AVATAR | MovieID: VERM220323 | Seats Available: 30| Slot: Morning | Movie Date: 22/03/2023, 

04/04/2023 11:23:19: 18::Replicas.Replica1.Server::requestlistener::Request Listener initiated for server VERDUN
04/04/2023 11:23:47: 18::Replicas.Replica1.Service.MovieTicket::findNextAvailableSlot::CustomerID: ATWM1212 | MovieID: ATWM080423 | MovieName: AVATAR | ServerResponse: nextAvailableBookingID: VERM220323 at Theater: VERDUN
04/04/2023 11:23:47: 18::Replicas.Replica1.Server::requestlistener::Request Listener initiated for server VERDUN
04/04/2023 11:23:47: 18::Replicas.Replica1.Service.MovieTicket::findNextAvailableSlot::CustomerID: ATWM1212 | MovieID: ATWA070423 | MovieName: AVATAR | ServerResponse: nextAvailableBookingID: VERM220323 at Theater: VERDUN
04/04/2023 11:23:47: 18::Replicas.Replica1.Server::requestlistener::Request Listener initiated for server VERDUN
04/04/2023 11:23:47: 18::Replicas.Replica1.Service.MovieTicket::findNextAvailableSlot::CustomerID: ATWM1212 | MovieID: ATWM080423 | MovieName: AVATAR | ServerResponse: nextAvailableBookingID: VERM220323 at Theater: VERDUN
04/04/2023 11:23:47: 18::Replicas.Replica1.Server::requestlistener::Request Listener initiated for server VERDUN
04/04/2023 11:24:13: 18::Replicas.Replica1.Service.MovieTicket::getMoviesListInTheatre:: MovieName: AVATAR | ServerResponse: VERDUN 
Movie Name: AVATAR | MovieID: VERM220323 | Seats Available: 30| Slot: Morning | Movie Date: 22/03/2023, 

04/04/2023 11:24:13: 18::Replicas.Replica1.Server::requestlistener::Request Listener initiated for server VERDUN
04/04/2023 11:24:13: 18::Replicas.Replica1.Service.MovieTicket::getMoviesListInTheatre:: MovieName: AVATAR | ServerResponse: VERDUN 
Movie Name: AVATAR | MovieID: VERM220323 | Seats Available: 30| Slot: Morning | Movie Date: 22/03/2023, 

04/04/2023 11:24:13: 18::Replicas.Replica1.Server::requestlistener::Request Listener initiated for server VERDUN
04/04/2023 11:24:13: 18::Replicas.Replica1.Service.MovieTicket::getMoviesListInTheatre:: MovieName: AVATAR | ServerResponse: VERDUN 
Movie Name: AVATAR | MovieID: VERM220323 | Seats Available: 30| Slot: Morning | Movie Date: 22/03/2023, 

04/04/2023 11:24:13: 18::Replicas.Replica1.Server::requestlistener::Request Listener initiated for server VERDUN
04/04/2023 11:29:02: 18::Replicas.Replica1.Service.MovieTicket::findNextAvailableSlot::CustomerID: ATWM1212 | MovieID: ATWM080423 | MovieName: AVATAR | ServerResponse: nextAvailableBookingID: VERM220323 at Theater: VERDUN
04/04/2023 11:29:02: 18::Replicas.Replica1.Server::requestlistener::Request Listener initiated for server VERDUN
04/04/2023 11:29:03: 18::Replicas.Replica1.Service.MovieTicket::findNextAvailableSlot::CustomerID: ATWM1212 | MovieID: ATWM080423 | MovieName: AVATAR | ServerResponse: nextAvailableBookingID: VERM220323 at Theater: VERDUN
04/04/2023 11:29:03: 18::Replicas.Replica1.Server::requestlistener::Request Listener initiated for server VERDUN
04/04/2023 11:29:13: 18::Replicas.Replica1.Service.MovieTicket::findNextAvailableSlot::CustomerID: ATWM1212 | MovieID: ATWA070423 | MovieName: AVATAR | ServerResponse: nextAvailableBookingID: VERM220323 at Theater: VERDUN
04/04/2023 11:29:13: 18::Replicas.Replica1.Server::requestlistener::Request Listener initiated for server VERDUN
04/04/2023 11:29:30: 18::Replicas.Replica1.Service.MovieTicket::getMoviesListInTheatre:: MovieName: AVATAR | ServerResponse: VERDUN 
Movie Name: AVATAR | MovieID: VERM220323 | Seats Available: 30| Slot: Morning | Movie Date: 22/03/2023, 

04/04/2023 11:29:30: 18::Replicas.Replica1.Server::requestlistener::Request Listener initiated for server VERDUN
04/04/2023 11:29:30: 18::Replicas.Replica1.Service.MovieTicket::getMoviesListInTheatre:: MovieName: AVATAR | ServerResponse: VERDUN 
Movie Name: AVATAR | MovieID: VERM220323 | Seats Available: 30| Slot: Morning | Movie Date: 22/03/2023, 

04/04/2023 11:29:30: 18::Replicas.Replica1.Server::requestlistener::Request Listener initiated for server VERDUN
04/04/2023 11:29:30: 18::Replicas.Replica1.Service.MovieTicket::getMoviesListInTheatre:: MovieName: AVATAR | ServerResponse: VERDUN 
Movie Name: AVATAR | MovieID: VERM220323 | Seats Available: 30| Slot: Morning | Movie Date: 22/03/2023, 

04/04/2023 11:29:30: 18::Replicas.Replica1.Server::requestlistener::Request Listener initiated for server VERDUN
04/04/2023 11:31:22: 18::Replicas.Replica1.Service.MovieTicket::getMoviesListInTheatre:: MovieName: AVATAR | ServerResponse: VERDUN 
Movie Name: AVATAR | MovieID: VERM220323 | Seats Available: 30| Slot: Morning | Movie Date: 22/03/2023, 

04/04/2023 11:31:22: 18::Replicas.Replica1.Server::requestlistener::Request Listener initiated for server VERDUN
04/04/2023 11:31:22: 18::Replicas.Replica1.Service.MovieTicket::getMoviesListInTheatre:: MovieName: AVATAR | ServerResponse: VERDUN 
Movie Name: AVATAR | MovieID: VERM220323 | Seats Available: 30| Slot: Morning | Movie Date: 22/03/2023, 

04/04/2023 11:31:22: 18::Replicas.Replica1.Server::requestlistener::Request Listener initiated for server VERDUN
04/04/2023 11:32:56: 18::Replicas.Replica1.Service.MovieTicket::getMoviesListInTheatre:: MovieName: AVATAR | ServerResponse: VERDUN 
Movie Name: AVATAR | MovieID: VERM220323 | Seats Available: 30| Slot: Morning | Movie Date: 22/03/2023, 

04/04/2023 11:32:56: 18::Replicas.Replica1.Server::requestlistener::Request Listener initiated for server VERDUN
04/04/2023 11:32:56: 18::Replicas.Replica1.Service.MovieTicket::getMoviesListInTheatre:: MovieName: AVATAR | ServerResponse: VERDUN 
Movie Name: AVATAR | MovieID: VERM220323 | Seats Available: 30| Slot: Morning | Movie Date: 22/03/2023, 

04/04/2023 11:32:56: 18::Replicas.Replica1.Server::requestlistener::Request Listener initiated for server VERDUN
04/04/2023 11:33:46: 18::Replicas.Replica1.Service.MovieTicket::getMoviesListInTheatre:: MovieName: AVATAR | ServerResponse: VERDUN 
Movie Name: AVATAR | MovieID: VERM220323 | Seats Available: 30| Slot: Morning | Movie Date: 22/03/2023, 

04/04/2023 11:33:46: 18::Replicas.Replica1.Server::requestlistener::Request Listener initiated for server VERDUN
04/04/2023 11:33:46: 18::Replicas.Replica1.Service.MovieTicket::getMoviesListInTheatre:: MovieName: AVATAR | ServerResponse: VERDUN 
Movie Name: AVATAR | MovieID: VERM220323 | Seats Available: 30| Slot: Morning | Movie Date: 22/03/2023, 

04/04/2023 11:33:46: 18::Replicas.Replica1.Server::requestlistener::Request Listener initiated for server VERDUN
04/04/2023 11:35:55: 18::Replicas.Replica1.Service.MovieTicket::getMoviesListInTheatre:: MovieName: AVATAR | ServerResponse: VERDUN 
Movie Name: AVATAR | MovieID: VERM220323 | Seats Available: 30| Slot: Morning | Movie Date: 22/03/2023, 

04/04/2023 11:35:55: 18::Replicas.Replica1.Server::requestlistener::Request Listener initiated for server VERDUN
04/04/2023 11:35:55: 18::Replicas.Replica1.Service.MovieTicket::getMoviesListInTheatre:: MovieName: AVATAR | ServerResponse: VERDUN 
Movie Name: AVATAR | MovieID: VERM220323 | Seats Available: 30| Slot: Morning | Movie Date: 22/03/2023, 

04/04/2023 11:35:55: 18::Replicas.Replica1.Server::requestlistener::Request Listener initiated for server VERDUN
04/04/2023 11:38:48: 1::Replicas.Replica1.Server::startListenerAndRegisterEndPoint::Endpoint: com.sun.xml.internal.ws.transport.http.server.EndpointImpl@45ca843
04/04/2023 11:38:48: 18::Replicas.Replica1.Server::requestlistener::Listener Datagram port : 2502
04/04/2023 11:38:48: 1::Replicas.Replica1.Server::startListenerAndRegisterEndPoint::Thread name: VERDUN
04/04/2023 11:38:48: 18::Replicas.Replica1.Server::requestlistener::Request Listener initiated for server VERDUN
04/04/2023 11:38:48: 1::Replicas.Replica1.Server::startListenerAndRegisterEndPoint::State of thread: RUNNABLE
04/04/2023 11:50:08: 1::Replicas.Replica2.Server::startListenerAndRegisterEndPoint::Endpoint: com.sun.xml.internal.ws.transport.http.server.EndpointImpl@45ca843
04/04/2023 11:50:08: 1::Replicas.Replica2.Server::startListenerAndRegisterEndPoint::Thread name: VERDUN
04/04/2023 11:50:08: 18::Replicas.Replica2.Server::requestlistener::Listener Datagram port : 2505
04/04/2023 11:50:08: 1::Replicas.Replica2.Server::startListenerAndRegisterEndPoint::State of thread: RUNNABLE
04/04/2023 11:50:08: 18::Replicas.Replica2.Server::requestlistener::Request Listener initiated for server VERDUN
04/04/2023 11:52:43: 1::Replicas.Replica2.Server::startListenerAndRegisterEndPoint::Endpoint: com.sun.xml.internal.ws.transport.http.server.EndpointImpl@45ca843
04/04/2023 11:52:43: 18::Replicas.Replica2.Server::requestlistener::Listener Datagram port : 2505
04/04/2023 11:52:43: 18::Replicas.Replica2.Server::requestlistener::Request Listener initiated for server VERDUN
04/04/2023 11:52:43: 1::Replicas.Replica2.Server::startListenerAndRegisterEndPoint::Thread name: VERDUN
04/04/2023 11:52:43: 1::Replicas.Replica2.Server::startListenerAndRegisterEndPoint::State of thread: RUNNABLE
04/04/2023 11:53:04: 1::Replicas.Replica2.Server::startListenerAndRegisterEndPoint::Endpoint: com.sun.xml.internal.ws.transport.http.server.EndpointImpl@45ca843
04/04/2023 11:53:04: 18::Replicas.Replica2.Server::requestlistener::Listener Datagram port : 2505
04/04/2023 11:53:04: 18::Replicas.Replica2.Server::requestlistener::Request Listener initiated for server VERDUN
04/04/2023 11:53:04: 1::Replicas.Replica2.Server::startListenerAndRegisterEndPoint::Thread name: VERDUN
04/04/2023 11:53:04: 1::Replicas.Replica2.Server::startListenerAndRegisterEndPoint::State of thread: RUNNABLE
04/04/2023 11:56:13: 18::Replicas.Replica2.Service.MovieTicket::getMoviesListInTheatre:: MovieName: AVATAR | ServerResponse: VERDUN 
Movie Name: AVATAR | MovieID: VERM220323 | Seats Available: 30| Slot: Morning | Movie Date: 22/03/2023, 

04/04/2023 11:56:13: 18::Replicas.Replica2.Server::requestlistener::Request Listener initiated for server VERDUN
04/04/2023 11:57:46: 18::Replicas.Replica2.Service.MovieTicket::findNextAvailableSlot::CustomerID: ATWM1212 | MovieID: ATWM080423 | MovieName: AVATAR | ServerResponse: nextAvailableBookingID: VERM220323 at Theater: VERDUN
04/04/2023 11:57:46: 18::Replicas.Replica2.Server::requestlistener::Request Listener initiated for server VERDUN
04/04/2023 11:58:23: 18::Replicas.Replica2.Service.MovieTicket::getMoviesListInTheatre:: MovieName: AVATAR | ServerResponse: VERDUN 
Movie Name: AVATAR | MovieID: VERM220323 | Seats Available: 30| Slot: Morning | Movie Date: 22/03/2023, 

04/04/2023 11:58:23: 18::Replicas.Replica2.Server::requestlistener::Request Listener initiated for server VERDUN
05/04/2023 12:07:27: 1::Replicas.Replica2.Server::startListenerAndRegisterEndPoint::Endpoint: com.sun.xml.internal.ws.transport.http.server.EndpointImpl@45ca843
05/04/2023 12:07:27: 18::Replicas.Replica2.Server::requestlistener::Listener Datagram port : 2505
05/04/2023 12:07:27: 18::Replicas.Replica2.Server::requestlistener::Request Listener initiated for server VERDUN
05/04/2023 12:07:27: 1::Replicas.Replica2.Server::startListenerAndRegisterEndPoint::Thread name: VERDUN
05/04/2023 12:07:27: 1::Replicas.Replica2.Server::startListenerAndRegisterEndPoint::State of thread: RUNNABLE
05/04/2023 12:08:17: 18::Replicas.Replica2.Service.MovieTicket::findNextAvailableSlot::CustomerID: ATWM1212 | MovieID: ATWM080423 | MovieName: AVATAR | ServerResponse: nextAvailableBookingID: VERM220323 at Theater: VERDUN
05/04/2023 12:08:17: 18::Replicas.Replica2.Server::requestlistener::Request Listener initiated for server VERDUN
05/04/2023 12:08:29: 18::Replicas.Replica2.Service.MovieTicket::getMoviesListInTheatre:: MovieName: AVATAR | ServerResponse: VERDUN 
Movie Name: AVATAR | MovieID: VERM220323 | Seats Available: 30| Slot: Morning | Movie Date: 22/03/2023, 

05/04/2023 12:08:29: 18::Replicas.Replica2.Server::requestlistener::Request Listener initiated for server VERDUN
05/04/2023 12:11:22: 18::Replicas.Replica2.Service.MovieTicket::getMoviesListInTheatre:: MovieName: AVATAR | ServerResponse: VERDUN 
Movie Name: AVATAR | MovieID: VERM220323 | Seats Available: 30| Slot: Morning | Movie Date: 22/03/2023, 

05/04/2023 12:11:22: 18::Replicas.Replica2.Server::requestlistener::Request Listener initiated for server VERDUN
05/04/2023 12:12:21: 18::Replicas.Replica2.Service.MovieTicket::getMoviesListInTheatre:: MovieName: AVATAR | ServerResponse: VERDUN 
Movie Name: AVATAR | MovieID: VERM220323 | Seats Available: 30| Slot: Morning | Movie Date: 22/03/2023, 

05/04/2023 12:12:21: 18::Replicas.Replica2.Server::requestlistener::Request Listener initiated for server VERDUN
05/04/2023 12:13:07: 1::Replicas.Replica2.Server::startListenerAndRegisterEndPoint::Endpoint: com.sun.xml.internal.ws.transport.http.server.EndpointImpl@45ca843
05/04/2023 12:13:07: 18::Replicas.Replica2.Server::requestlistener::Listener Datagram port : 2505
05/04/2023 12:13:07: 18::Replicas.Replica2.Server::requestlistener::Request Listener initiated for server VERDUN
05/04/2023 12:13:07: 1::Replicas.Replica2.Server::startListenerAndRegisterEndPoint::Thread name: VERDUN
05/04/2023 12:13:07: 1::Replicas.Replica2.Server::startListenerAndRegisterEndPoint::State of thread: RUNNABLE
05/04/2023 12:14:05: 18::Replicas.Replica2.Service.MovieTicket::findNextAvailableSlot::CustomerID: ATWM1212 | MovieID: ATWM080423 | MovieName: AVATAR | ServerResponse: nextAvailableBookingID: VERM220323 at Theater: VERDUN
05/04/2023 12:14:05: 18::Replicas.Replica2.Server::requestlistener::Request Listener initiated for server VERDUN
05/04/2023 12:14:27: 18::Replicas.Replica2.Service.MovieTicket::getMoviesListInTheatre:: MovieName: AVATAR | ServerResponse: VERDUN 
Movie Name: AVATAR | MovieID: VERM220323 | Seats Available: 30| Slot: Morning | Movie Date: 22/03/2023, 

05/04/2023 12:14:27: 18::Replicas.Replica2.Server::requestlistener::Request Listener initiated for server VERDUN
05/04/2023 12:17:47: 18::Replicas.Replica2.Service.MovieTicket::getMoviesListInTheatre:: MovieName: AVATAR | ServerResponse: VERDUN 
Movie Name: AVATAR | MovieID: VERM220323 | Seats Available: 30| Slot: Morning | Movie Date: 22/03/2023, 

05/04/2023 12:17:47: 18::Replicas.Replica2.Server::requestlistener::Request Listener initiated for server VERDUN
05/04/2023 12:18:13: 18::Replicas.Replica2.Service.MovieTicket::getMoviesListInTheatre:: MovieName: AVATAR | ServerResponse: VERDUN 
Movie Name: AVATAR | MovieID: VERM220323 | Seats Available: 30| Slot: Morning | Movie Date: 22/03/2023, 

05/04/2023 12:18:13: 18::Replicas.Replica2.Server::requestlistener::Request Listener initiated for server VERDUN
05/04/2023 12:20:35: 18::Replicas.Replica2.Service.MovieTicket::getMoviesListInTheatre:: MovieName: AVATAR | ServerResponse: VERDUN 
Movie Name: AVATAR | MovieID: VERM220323 | Seats Available: 30| Slot: Morning | Movie Date: 22/03/2023, 

05/04/2023 12:20:35: 18::Replicas.Replica2.Server::requestlistener::Request Listener initiated for server VERDUN
05/04/2023 12:21:13: 18::Replicas.Replica2.Service.MovieTicket::getMoviesListInTheatre:: MovieName: AVATAR | ServerResponse: VERDUN 
Movie Name: AVATAR | MovieID: VERM220323 | Seats Available: 30| Slot: Morning | Movie Date: 22/03/2023, 

05/04/2023 12:21:13: 18::Replicas.Replica2.Server::requestlistener::Request Listener initiated for server VERDUN
05/04/2023 03:31:26: 1::Replicas.Replica1.Server::startListenerAndRegisterEndPoint::Endpoint: com.sun.xml.internal.ws.transport.http.server.EndpointImpl@45ca843
05/04/2023 03:31:26: 1::Replicas.Replica1.Server::startListenerAndRegisterEndPoint::Thread name: VERDUN
05/04/2023 03:31:26: 18::Replicas.Replica1.Server::requestlistener::Listener Datagram port : 2502
05/04/2023 03:31:26: 1::Replicas.Replica1.Server::startListenerAndRegisterEndPoint::State of thread: RUNNABLE
05/04/2023 03:31:26: 18::Replicas.Replica1.Server::requestlistener::Request Listener initiated for server VERDUN
05/04/2023 03:34:47: 1::Replicas.Replica1.Server::startListenerAndRegisterEndPoint::Endpoint: com.sun.xml.internal.ws.transport.http.server.EndpointImpl@45ca843
05/04/2023 03:34:47: 1::Replicas.Replica1.Server::startListenerAndRegisterEndPoint::Thread name: VERDUN
05/04/2023 03:34:47: 1::Replicas.Replica1.Server::startListenerAndRegisterEndPoint::State of thread: RUNNABLE
05/04/2023 03:34:47: 18::Replicas.Replica1.Server::requestlistener::Listener Datagram port : 2502
05/04/2023 03:34:47: 18::Replicas.Replica1.Server::requestlistener::Request Listener initiated for server VERDUN
05/04/2023 03:35:48: 18::Replicas.Replica1.Service.MovieTicket::getMoviesListInTheatre:: MovieName: AVATAR | ServerResponse: VERDUN 
Movie Name: AVATAR | MovieID: VERM220323 | Seats Available: 30| Slot: Morning | Movie Date: 22/03/2023, 

05/04/2023 03:35:48: 18::Replicas.Replica1.Server::requestlistener::Request Listener initiated for server VERDUN
05/04/2023 03:36:05: 18::Replicas.Replica1.Service.MovieTicket::getMoviesListInTheatre:: MovieName: AVATAR | ServerResponse: VERDUN 
Movie Name: AVATAR | MovieID: VERM220323 | Seats Available: 30| Slot: Morning | Movie Date: 22/03/2023, 

05/04/2023 03:36:05: 18::Replicas.Replica1.Server::requestlistener::Request Listener initiated for server VERDUN
05/04/2023 03:39:48: 1::Replicas.Replica1.Server::startListenerAndRegisterEndPoint::Endpoint: com.sun.xml.internal.ws.transport.http.server.EndpointImpl@45ca843
05/04/2023 03:39:48: 1::Replicas.Replica1.Server::startListenerAndRegisterEndPoint::Thread name: VERDUN
05/04/2023 03:39:48: 18::Replicas.Replica1.Server::requestlistener::Listener Datagram port : 2502
05/04/2023 03:39:48: 1::Replicas.Replica1.Server::startListenerAndRegisterEndPoint::State of thread: RUNNABLE
05/04/2023 03:39:48: 18::Replicas.Replica1.Server::requestlistener::Request Listener initiated for server VERDUN
05/04/2023 03:40:55: 18::Replicas.Replica1.Service.MovieTicket::getMoviesListInTheatre:: MovieName: AVATAR | ServerResponse: VERDUN 
Movie Name: AVATAR | MovieID: VERM220323 | Seats Available: 30| Slot: Morning | Movie Date: 22/03/2023, 

05/04/2023 03:40:55: 18::Replicas.Replica1.Server::requestlistener::Request Listener initiated for server VERDUN
05/04/2023 03:41:09: 18::Replicas.Replica1.Service.MovieTicket::getMoviesListInTheatre:: MovieName: AVATAR | ServerResponse: VERDUN 
Movie Name: AVATAR | MovieID: VERM220323 | Seats Available: 30| Slot: Morning | Movie Date: 22/03/2023, 

05/04/2023 03:41:09: 18::Replicas.Replica1.Server::requestlistener::Request Listener initiated for server VERDUN
05/04/2023 03:41:27: 18::Replicas.Replica1.Service.MovieTicket::getMoviesListInTheatre:: MovieName: AVATAR | ServerResponse: VERDUN 
Movie Name: AVATAR | MovieID: VERM220323 | Seats Available: 30| Slot: Morning | Movie Date: 22/03/2023, 

05/04/2023 03:41:27: 18::Replicas.Replica1.Server::requestlistener::Request Listener initiated for server VERDUN
05/04/2023 03:41:43: 18::Replicas.Replica1.Service.MovieTicket::getMoviesListInTheatre:: MovieName: AVATAR | ServerResponse: VERDUN 
Movie Name: AVATAR | MovieID: VERM220323 | Seats Available: 30| Slot: Morning | Movie Date: 22/03/2023, 

05/04/2023 03:41:43: 18::Replicas.Replica1.Server::requestlistener::Request Listener initiated for server VERDUN
05/04/2023 03:45:18: 18::Replicas.Replica1.Service.MovieTicket::getMoviesListInTheatre:: MovieName: AVATAR | ServerResponse: VERDUN 
Movie Name: AVATAR | MovieID: VERM220323 | Seats Available: 30| Slot: Morning | Movie Date: 22/03/2023, 

05/04/2023 03:45:18: 18::Replicas.Replica1.Server::requestlistener::Request Listener initiated for server VERDUN
05/04/2023 03:46:55: 1::Replicas.Replica1.Server::startListenerAndRegisterEndPoint::Endpoint: com.sun.xml.internal.ws.transport.http.server.EndpointImpl@45ca843
05/04/2023 03:46:55: 1::Replicas.Replica1.Server::startListenerAndRegisterEndPoint::Thread name: VERDUN
05/04/2023 03:46:55: 18::Replicas.Replica1.Server::requestlistener::Listener Datagram port : 2502
05/04/2023 03:46:55: 18::Replicas.Replica1.Server::requestlistener::Request Listener initiated for server VERDUN
05/04/2023 03:46:55: 1::Replicas.Replica1.Server::startListenerAndRegisterEndPoint::State of thread: RUNNABLE
05/04/2023 03:49:31: 1::Replicas.Replica1.Server::startListenerAndRegisterEndPoint::Endpoint: com.sun.xml.internal.ws.transport.http.server.EndpointImpl@45ca843
05/04/2023 03:49:31: 18::Replicas.Replica1.Server::requestlistener::Listener Datagram port : 2502
05/04/2023 03:49:31: 18::Replicas.Replica1.Server::requestlistener::Request Listener initiated for server VERDUN
05/04/2023 03:49:31: 1::Replicas.Replica1.Server::startListenerAndRegisterEndPoint::Thread name: VERDUN
05/04/2023 03:49:31: 1::Replicas.Replica1.Server::startListenerAndRegisterEndPoint::State of thread: RUNNABLE
05/04/2023 03:49:59: 1::Replicas.Replica1.Server::startListenerAndRegisterEndPoint::Endpoint: com.sun.xml.internal.ws.transport.http.server.EndpointImpl@45ca843
05/04/2023 03:49:59: 18::Replicas.Replica1.Server::requestlistener::Listener Datagram port : 2502
05/04/2023 03:49:59: 18::Replicas.Replica1.Server::requestlistener::Request Listener initiated for server VERDUN
05/04/2023 03:49:59: 1::Replicas.Replica1.Server::startListenerAndRegisterEndPoint::Thread name: VERDUN
05/04/2023 03:49:59: 1::Replicas.Replica1.Server::startListenerAndRegisterEndPoint::State of thread: RUNNABLE
05/04/2023 03:51:11: 18::Replicas.Replica1.Service.MovieTicket::getMoviesListInTheatre:: MovieName: AVATAR | ServerResponse: VERDUN 
Movie Name: AVATAR | MovieID: VERM220323 | Seats Available: 30| Slot: Morning | Movie Date: 22/03/2023, 

05/04/2023 03:51:11: 18::Replicas.Replica1.Server::requestlistener::Request Listener initiated for server VERDUN
05/04/2023 03:51:27: 18::Replicas.Replica1.Service.MovieTicket::getMoviesListInTheatre:: MovieName: AVATAR | ServerResponse: VERDUN 
Movie Name: AVATAR | MovieID: VERM220323 | Seats Available: 30| Slot: Morning | Movie Date: 22/03/2023, 

05/04/2023 03:51:27: 18::Replicas.Replica1.Server::requestlistener::Request Listener initiated for server VERDUN
05/04/2023 03:51:40: 18::Replicas.Replica1.Service.MovieTicket::getMoviesListInTheatre:: MovieName: AVATAR | ServerResponse: VERDUN 
Movie Name: AVATAR | MovieID: VERM220323 | Seats Available: 30| Slot: Morning | Movie Date: 22/03/2023, 

05/04/2023 03:51:40: 18::Replicas.Replica1.Server::requestlistener::Request Listener initiated for server VERDUN
05/04/2023 03:52:30: 18::Replicas.Replica1.Service.MovieTicket::getMoviesListInTheatre:: MovieName: AVATAR | ServerResponse: VERDUN 
Movie Name: AVATAR | MovieID: VERM220323 | Seats Available: 30| Slot: Morning | Movie Date: 22/03/2023, 

05/04/2023 03:52:30: 18::Replicas.Replica1.Server::requestlistener::Request Listener initiated for server VERDUN
05/04/2023 03:53:17: 18::Replicas.Replica1.Service.MovieTicket::getMoviesListInTheatre:: MovieName: AVATAR | ServerResponse: VERDUN 
Movie Name: AVATAR | MovieID: VERM220323 | Seats Available: 30| Slot: Morning | Movie Date: 22/03/2023, 

05/04/2023 03:53:17: 18::Replicas.Replica1.Server::requestlistener::Request Listener initiated for server VERDUN
05/04/2023 03:53:54: 18::Replicas.Replica1.Service.MovieTicket::getMoviesListInTheatre:: MovieName: AVATAR | ServerResponse: VERDUN 
Movie Name: AVATAR | MovieID: VERM220323 | Seats Available: 30| Slot: Morning | Movie Date: 22/03/2023, 

05/04/2023 03:53:54: 18::Replicas.Replica1.Server::requestlistener::Request Listener initiated for server VERDUN
05/04/2023 03:57:20: 1::Replicas.Replica1.Server::startListenerAndRegisterEndPoint::Endpoint: com.sun.xml.internal.ws.transport.http.server.EndpointImpl@45ca843
05/04/2023 03:57:20: 18::Replicas.Replica1.Server::requestlistener::Listener Datagram port : 2502
05/04/2023 03:57:20: 1::Replicas.Replica1.Server::startListenerAndRegisterEndPoint::Thread name: VERDUN
05/04/2023 03:57:20: 18::Replicas.Replica1.Server::requestlistener::Request Listener initiated for server VERDUN
05/04/2023 03:57:20: 1::Replicas.Replica1.Server::startListenerAndRegisterEndPoint::State of thread: RUNNABLE
05/04/2023 03:58:03: 18::Replicas.Replica1.Service.MovieTicket::getMoviesListInTheatre:: MovieName: AVATAR | ServerResponse: VERDUN 
Movie Name: AVATAR | MovieID: VERM220323 | Seats Available: 30| Slot: Morning | Movie Date: 22/03/2023, 

05/04/2023 03:58:03: 18::Replicas.Replica1.Server::requestlistener::Request Listener initiated for server VERDUN
05/04/2023 03:58:15: 18::Replicas.Replica1.Service.MovieTicket::getMoviesListInTheatre:: MovieName: AVATAR | ServerResponse: VERDUN 
Movie Name: AVATAR | MovieID: VERM220323 | Seats Available: 30| Slot: Morning | Movie Date: 22/03/2023, 

05/04/2023 03:58:15: 18::Replicas.Replica1.Server::requestlistener::Request Listener initiated for server VERDUN
05/04/2023 03:58:28: 18::Replicas.Replica1.Service.MovieTicket::getMoviesListInTheatre:: MovieName: AVATAR | ServerResponse: VERDUN 
Movie Name: AVATAR | MovieID: VERM220323 | Seats Available: 30| Slot: Morning | Movie Date: 22/03/2023, 

05/04/2023 03:58:28: 18::Replicas.Replica1.Server::requestlistener::Request Listener initiated for server VERDUN
05/04/2023 03:58:41: 18::Replicas.Replica1.Service.MovieTicket::getMoviesListInTheatre:: MovieName: AVATAR | ServerResponse: VERDUN 
Movie Name: AVATAR | MovieID: VERM220323 | Seats Available: 30| Slot: Morning | Movie Date: 22/03/2023, 

05/04/2023 03:58:41: 18::Replicas.Replica1.Server::requestlistener::Request Listener initiated for server VERDUN
05/04/2023 04:28:16: 1::Replicas.Replica2.Server::startListenerAndRegisterEndPoint::Endpoint: com.sun.xml.internal.ws.transport.http.server.EndpointImpl@45ca843
05/04/2023 04:28:16: 1::Replicas.Replica2.Server::startListenerAndRegisterEndPoint::Thread name: VERDUN
05/04/2023 04:28:16: 18::Replicas.Replica2.Server::requestlistener::Listener Datagram port : 2505
05/04/2023 04:28:16: 18::Replicas.Replica2.Server::requestlistener::Request Listener initiated for server VERDUN
05/04/2023 04:28:16: 1::Replicas.Replica2.Server::startListenerAndRegisterEndPoint::State of thread: RUNNABLE
05/04/2023 04:29:47: 18::Replicas.Replica2.Service.MovieTicket::getMoviesListInTheatre:: MovieName: AVATAR | ServerResponse: VERDUN 
Movie Name: AVATAR | MovieID: VERM220323 | Seats Available: 30| Slot: Morning | Movie Date: 22/03/2023, 

05/04/2023 04:29:47: 18::Replicas.Replica2.Server::requestlistener::Request Listener initiated for server VERDUN
05/04/2023 05:08:04: 1::Replicas.Replica2.Server::startListenerAndRegisterEndPoint::Endpoint: com.sun.xml.internal.ws.transport.http.server.EndpointImpl@45ca843
05/04/2023 05:08:04: 1::Replicas.Replica2.Server::startListenerAndRegisterEndPoint::Thread name: VERDUN
05/04/2023 05:08:04: 18::Replicas.Replica2.Server::requestlistener::Listener Datagram port : 2505
05/04/2023 05:08:04: 1::Replicas.Replica2.Server::startListenerAndRegisterEndPoint::State of thread: RUNNABLE
05/04/2023 05:08:04: 18::Replicas.Replica2.Server::requestlistener::Request Listener initiated for server VERDUN
05/04/2023 05:08:33: 18::Replicas.Replica2.Service.MovieTicket::getMoviesListInTheatre:: MovieName: AVATAR | ServerResponse: VERDUN 
Movie Name: AVATAR | MovieID: VERM220323 | Seats Available: 30| Slot: Morning | Movie Date: 22/03/2023, 

05/04/2023 05:08:33: 18::Replicas.Replica2.Server::requestlistener::Request Listener initiated for server VERDUN
05/04/2023 05:09:52: 18::Replicas.Replica2.Service.MovieTicket::getMoviesListInTheatre:: MovieName: AVATAR | ServerResponse: VERDUN 
Movie Name: AVATAR | MovieID: VERM220323 | Seats Available: 30| Slot: Morning | Movie Date: 22/03/2023, 

05/04/2023 05:09:52: 18::Replicas.Replica2.Server::requestlistener::Request Listener initiated for server VERDUN
05/04/2023 05:12:35: 18::Replicas.Replica2.Service.MovieTicket::getMoviesListInTheatre:: MovieName: AVATAR | ServerResponse: VERDUN 
Movie Name: AVATAR | MovieID: VERM220323 | Seats Available: 30| Slot: Morning | Movie Date: 22/03/2023, 

05/04/2023 05:12:35: 18::Replicas.Replica2.Server::requestlistener::Request Listener initiated for server VERDUN
05/04/2023 05:20:02: 1::Replicas.Replica2.Server::startListenerAndRegisterEndPoint::Endpoint: com.sun.xml.internal.ws.transport.http.server.EndpointImpl@45ca843
05/04/2023 05:20:02: 1::Replicas.Replica2.Server::startListenerAndRegisterEndPoint::Thread name: VERDUN
05/04/2023 05:20:02: 1::Replicas.Replica2.Server::startListenerAndRegisterEndPoint::State of thread: RUNNABLE
05/04/2023 05:20:02: 18::Replicas.Replica2.Server::requestlistener::Listener Datagram port : 2505
05/04/2023 05:20:02: 18::Replicas.Replica2.Server::requestlistener::Request Listener initiated for server VERDUN
05/04/2023 05:20:58: 18::Replicas.Replica2.Service.MovieTicket::getMoviesListInTheatre:: MovieName: AVATAR | ServerResponse: VERDUN 
Movie Name: AVATAR | MovieID: VERM220323 | Seats Available: 30| Slot: Morning | Movie Date: 22/03/2023, 

05/04/2023 05:20:58: 18::Replicas.Replica2.Server::requestlistener::Request Listener initiated for server VERDUN
05/04/2023 05:21:54: 18::Replicas.Replica2.Service.MovieTicket::getMoviesListInTheatre:: MovieName: AVATAR | ServerResponse: VERDUN 
Movie Name: AVATAR | MovieID: VERM220323 | Seats Available: 30| Slot: Morning | Movie Date: 22/03/2023, 

05/04/2023 05:21:54: 18::Replicas.Replica2.Server::requestlistener::Request Listener initiated for server VERDUN
05/04/2023 05:25:43: 1::Replicas.Replica2.Server::startListenerAndRegisterEndPoint::Endpoint: com.sun.xml.internal.ws.transport.http.server.EndpointImpl@45ca843
05/04/2023 05:25:43: 18::Replicas.Replica2.Server::requestlistener::Listener Datagram port : 2505
05/04/2023 05:25:43: 18::Replicas.Replica2.Server::requestlistener::Request Listener initiated for server VERDUN
05/04/2023 05:25:43: 1::Replicas.Replica2.Server::startListenerAndRegisterEndPoint::Thread name: VERDUN
05/04/2023 05:25:43: 1::Replicas.Replica2.Server::startListenerAndRegisterEndPoint::State of thread: RUNNABLE
05/04/2023 05:26:40: 18::Replicas.Replica2.Service.MovieTicket::getMoviesListInTheatre:: MovieName: AVATAR | ServerResponse: VERDUN 
Movie Name: AVATAR | MovieID: VERM220323 | Seats Available: 30| Slot: Morning | Movie Date: 22/03/2023, 

05/04/2023 05:26:40: 18::Replicas.Replica2.Server::requestlistener::Request Listener initiated for server VERDUN
05/04/2023 05:26:56: 18::Replicas.Replica2.Service.MovieTicket::getMoviesListInTheatre:: MovieName: AVATAR | ServerResponse: VERDUN 
Movie Name: AVATAR | MovieID: VERM220323 | Seats Available: 30| Slot: Morning | Movie Date: 22/03/2023, 

05/04/2023 05:26:56: 18::Replicas.Replica2.Server::requestlistener::Request Listener initiated for server VERDUN
05/04/2023 06:25:25: 1::Replicas.Replica2.Server::startListenerAndRegisterEndPoint::Endpoint: com.sun.xml.internal.ws.transport.http.server.EndpointImpl@45ca843
05/04/2023 06:25:25: 18::Replicas.Replica2.Server::requestlistener::Listener Datagram port : 2505
05/04/2023 06:25:25: 18::Replicas.Replica2.Server::requestlistener::Request Listener initiated for server VERDUN
05/04/2023 06:25:25: 1::Replicas.Replica2.Server::startListenerAndRegisterEndPoint::Thread name: VERDUN
05/04/2023 06:25:25: 1::Replicas.Replica2.Server::startListenerAndRegisterEndPoint::State of thread: RUNNABLE
05/04/2023 06:26:18: 18::Replicas.Replica2.Service.MovieTicket::getMoviesListInTheatre:: MovieName: AVATAR | ServerResponse: VERDUN 
Movie Name: AVATAR | MovieID: VERM220323 | Seats Available: 30| Slot: Morning | Movie Date: 22/03/2023, 

05/04/2023 06:26:18: 18::Replicas.Replica2.Server::requestlistener::Request Listener initiated for server VERDUN
05/04/2023 06:26:37: 18::Replicas.Replica2.Service.MovieTicket::getMoviesListInTheatre:: MovieName: AVATAR | ServerResponse: VERDUN 
Movie Name: AVATAR | MovieID: VERM220323 | Seats Available: 30| Slot: Morning | Movie Date: 22/03/2023, 

05/04/2023 06:26:37: 18::Replicas.Replica2.Server::requestlistener::Request Listener initiated for server VERDUN
05/04/2023 06:27:55: 1::Replicas.Replica2.Server::startListenerAndRegisterEndPoint::Endpoint: com.sun.xml.internal.ws.transport.http.server.EndpointImpl@45ca843
05/04/2023 06:27:55: 1::Replicas.Replica2.Server::startListenerAndRegisterEndPoint::Thread name: VERDUN
05/04/2023 06:27:55: 18::Replicas.Replica2.Server::requestlistener::Listener Datagram port : 2505
05/04/2023 06:27:55: 18::Replicas.Replica2.Server::requestlistener::Request Listener initiated for server VERDUN
05/04/2023 06:27:55: 1::Replicas.Replica2.Server::startListenerAndRegisterEndPoint::State of thread: RUNNABLE
05/04/2023 06:33:11: 1::Replicas.Replica1.Server::startListenerAndRegisterEndPoint::Endpoint: com.sun.xml.internal.ws.transport.http.server.EndpointImpl@45ca843
05/04/2023 06:33:11: 1::Replicas.Replica1.Server::startListenerAndRegisterEndPoint::Thread name: VERDUN
05/04/2023 06:33:11: 1::Replicas.Replica1.Server::startListenerAndRegisterEndPoint::State of thread: RUNNABLE
05/04/2023 06:33:11: 18::Replicas.Replica1.Server::requestlistener::Listener Datagram port : 2502
05/04/2023 06:33:11: 18::Replicas.Replica1.Server::requestlistener::Request Listener initiated for server VERDUN
05/04/2023 06:33:49: 1::Replicas.Replica1.Server::startListenerAndRegisterEndPoint::Endpoint: com.sun.xml.internal.ws.transport.http.server.EndpointImpl@45ca843
05/04/2023 06:33:49: 18::Replicas.Replica1.Server::requestlistener::Listener Datagram port : 2502
05/04/2023 06:33:49: 18::Replicas.Replica1.Server::requestlistener::Request Listener initiated for server VERDUN
05/04/2023 06:33:49: 1::Replicas.Replica1.Server::startListenerAndRegisterEndPoint::Thread name: VERDUN
05/04/2023 06:33:49: 1::Replicas.Replica1.Server::startListenerAndRegisterEndPoint::State of thread: RUNNABLE
05/04/2023 06:34:36: 18::Replicas.Replica1.Service.MovieTicket::getMoviesListInTheatre:: MovieName: AVATAR | ServerResponse: VERDUN 
Movie Name: AVATAR | MovieID: VERM220323 | Seats Available: 30| Slot: Morning | Movie Date: 22/03/2023, 

05/04/2023 06:34:36: 18::Replicas.Replica1.Server::requestlistener::Request Listener initiated for server VERDUN
05/04/2023 06:35:58: 18::Replicas.Replica1.Service.MovieTicket::getMoviesListInTheatre:: MovieName: AVATAR | ServerResponse: VERDUN 
Movie Name: AVATAR | MovieID: VERM220323 | Seats Available: 30| Slot: Morning | Movie Date: 22/03/2023, 

05/04/2023 06:35:58: 18::Replicas.Replica1.Server::requestlistener::Request Listener initiated for server VERDUN
05/04/2023 06:36:54: 18::Replicas.Replica1.Service.MovieTicket::getMoviesListInTheatre:: MovieName: AVATAR | ServerResponse: VERDUN 
Movie Name: AVATAR | MovieID: VERM220323 | Seats Available: 30| Slot: Morning | Movie Date: 22/03/2023, 

05/04/2023 06:36:54: 18::Replicas.Replica1.Server::requestlistener::Request Listener initiated for server VERDUN
05/04/2023 06:45:15: 18::Replicas.Replica1.Service.MovieTicket::getMoviesListInTheatre:: MovieName: AVATAR | ServerResponse: VERDUN 
Movie Name: AVATAR | MovieID: VERM220323 | Seats Available: 30| Slot: Morning | Movie Date: 22/03/2023, 

05/04/2023 06:45:15: 18::Replicas.Replica1.Server::requestlistener::Request Listener initiated for server VERDUN
05/04/2023 06:46:15: 18::Replicas.Replica1.Service.MovieTicket::getMoviesListInTheatre:: MovieName: AVATAR | ServerResponse: VERDUN 
Movie Name: AVATAR | MovieID: VERM220323 | Seats Available: 30| Slot: Morning | Movie Date: 22/03/2023, 

05/04/2023 06:46:15: 18::Replicas.Replica1.Server::requestlistener::Request Listener initiated for server VERDUN
05/04/2023 06:46:58: 18::Replicas.Replica1.Service.MovieTicket::getMoviesListInTheatre:: MovieName: AVATAR | ServerResponse: VERDUN 
Movie Name: AVATAR | MovieID: VERM220323 | Seats Available: 30| Slot: Morning | Movie Date: 22/03/2023, 

05/04/2023 06:46:58: 18::Replicas.Replica1.Server::requestlistener::Request Listener initiated for server VERDUN
05/04/2023 06:47:24: 18::Replicas.Replica1.Service.MovieTicket::getMoviesListInTheatre:: MovieName: AVATAR | ServerResponse: VERDUN 
Movie Name: AVATAR | MovieID: VERM220323 | Seats Available: 30| Slot: Morning | Movie Date: 22/03/2023, 

05/04/2023 06:47:24: 18::Replicas.Replica1.Server::requestlistener::Request Listener initiated for server VERDUN
06/04/2023 08:15:15: 1::Replicas.Replica1.Server::startListenerAndRegisterEndPoint::Endpoint: com.sun.xml.internal.ws.transport.http.server.EndpointImpl@45ca843
06/04/2023 08:15:15: 1::Replicas.Replica1.Server::startListenerAndRegisterEndPoint::Thread name: VERDUN
06/04/2023 08:15:15: 18::Replicas.Replica1.Server::requestlistener::Listener Datagram port : 2502
06/04/2023 08:15:15: 1::Replicas.Replica1.Server::startListenerAndRegisterEndPoint::State of thread: RUNNABLE
06/04/2023 08:15:15: 18::Replicas.Replica1.Server::requestlistener::Request Listener initiated for server VERDUN
06/04/2023 08:16:44: 18::Replicas.Replica1.Service.MovieTicket::getMoviesListInTheatre:: MovieName: AVATAR | ServerResponse: VERDUN 
Movie Name: AVATAR | MovieID: VERM220323 | Seats Available: 30| Slot: Morning | Movie Date: 22/03/2023, 

06/04/2023 08:16:44: 18::Replicas.Replica1.Server::requestlistener::Request Listener initiated for server VERDUN
06/04/2023 08:21:58: 18::Replicas.Replica1.Service.MovieTicket::getMoviesListInTheatre:: MovieName: AVATAR | ServerResponse: VERDUN 
Movie Name: AVATAR | MovieID: VERM220323 | Seats Available: 30| Slot: Morning | Movie Date: 22/03/2023, 

06/04/2023 08:21:58: 18::Replicas.Replica1.Server::requestlistener::Request Listener initiated for server VERDUN
06/04/2023 08:22:31: 1::Replicas.Replica1.Server::startListenerAndRegisterEndPoint::Endpoint: com.sun.xml.internal.ws.transport.http.server.EndpointImpl@45ca843
06/04/2023 08:22:31: 18::Replicas.Replica1.Server::requestlistener::Listener Datagram port : 2502
06/04/2023 08:22:31: 18::Replicas.Replica1.Server::requestlistener::Request Listener initiated for server VERDUN
06/04/2023 08:22:31: 1::Replicas.Replica1.Server::startListenerAndRegisterEndPoint::Thread name: VERDUN
06/04/2023 08:22:31: 1::Replicas.Replica1.Server::startListenerAndRegisterEndPoint::State of thread: RUNNABLE
06/04/2023 08:22:55: 18::Replicas.Replica1.Service.MovieTicket::getMoviesListInTheatre:: MovieName: AVATAR | ServerResponse: VERDUN 
Movie Name: AVATAR | MovieID: VERM220323 | Seats Available: 30| Slot: Morning | Movie Date: 22/03/2023, 

06/04/2023 08:22:55: 18::Replicas.Replica1.Server::requestlistener::Request Listener initiated for server VERDUN
06/04/2023 08:23:52: 1::Replicas.Replica1.Server::startListenerAndRegisterEndPoint::Endpoint: com.sun.xml.internal.ws.transport.http.server.EndpointImpl@45ca843
06/04/2023 08:23:52: 18::Replicas.Replica1.Server::requestlistener::Listener Datagram port : 2502
06/04/2023 08:23:52: 18::Replicas.Replica1.Server::requestlistener::Request Listener initiated for server VERDUN
06/04/2023 08:23:52: 1::Replicas.Replica1.Server::startListenerAndRegisterEndPoint::Thread name: VERDUN
06/04/2023 08:23:52: 1::Replicas.Replica1.Server::startListenerAndRegisterEndPoint::State of thread: RUNNABLE
06/04/2023 08:24:08: 18::Replicas.Replica1.Service.MovieTicket::getMoviesListInTheatre:: MovieName: AVATAR | ServerResponse: VERDUN 
Movie Name: AVATAR | MovieID: VERM220323 | Seats Available: 30| Slot: Morning | Movie Date: 22/03/2023, 

06/04/2023 08:24:08: 18::Replicas.Replica1.Server::requestlistener::Request Listener initiated for server VERDUN
06/04/2023 08:27:30: 1::Replicas.Replica1.Server::startListenerAndRegisterEndPoint::Endpoint: com.sun.xml.internal.ws.transport.http.server.EndpointImpl@45ca843
06/04/2023 08:27:30: 1::Replicas.Replica1.Server::startListenerAndRegisterEndPoint::Thread name: VERDUN
06/04/2023 08:27:30: 18::Replicas.Replica1.Server::requestlistener::Listener Datagram port : 2502
06/04/2023 08:27:30: 1::Replicas.Replica1.Server::startListenerAndRegisterEndPoint::State of thread: RUNNABLE
06/04/2023 08:27:30: 18::Replicas.Replica1.Server::requestlistener::Request Listener initiated for server VERDUN
06/04/2023 08:28:00: 18::Replicas.Replica1.Service.MovieTicket::getMoviesListInTheatre:: MovieName: AVATAR | ServerResponse: VERDUN 
Movie Name: AVATAR | MovieID: VERM220323 | Seats Available: 30| Slot: Morning | Movie Date: 22/03/2023, 

06/04/2023 08:28:00: 18::Replicas.Replica1.Server::requestlistener::Request Listener initiated for server VERDUN
06/04/2023 08:35:42: 18::Replicas.Replica1.Service.MovieTicket::findNextAvailableSlot::CustomerID: ATWM1212 | MovieID: ATWA070423 | MovieName: AVATAR | ServerResponse: nextAvailableBookingID: VERM220323 at Theater: VERDUN
06/04/2023 08:35:42: 18::Replicas.Replica1.Server::requestlistener::Request Listener initiated for server VERDUN
06/04/2023 08:37:04: 1::Replicas.Replica1.Server::startListenerAndRegisterEndPoint::Endpoint: com.sun.xml.internal.ws.transport.http.server.EndpointImpl@45ca843
06/04/2023 08:37:04: 1::Replicas.Replica1.Server::startListenerAndRegisterEndPoint::Thread name: VERDUN
06/04/2023 08:37:04: 18::Replicas.Replica1.Server::requestlistener::Listener Datagram port : 2502
06/04/2023 08:37:04: 1::Replicas.Replica1.Server::startListenerAndRegisterEndPoint::State of thread: RUNNABLE
06/04/2023 08:37:04: 18::Replicas.Replica1.Server::requestlistener::Request Listener initiated for server VERDUN
06/04/2023 08:37:40: 18::Replicas.Replica1.Service.MovieTicket::findNextAvailableSlot::CustomerID: ATWM1212 | MovieID: ATWA070423 | MovieName: AVATAR | ServerResponse: nextAvailableBookingID: VERM220323 at Theater: VERDUN
06/04/2023 08:37:40: 18::Replicas.Replica1.Server::requestlistener::Request Listener initiated for server VERDUN
06/04/2023 08:38:08: 18::Replicas.Replica1.Service.MovieTicket::getMoviesListInTheatre:: MovieName: AVATAR | ServerResponse: VERDUN 
Movie Name: AVATAR | MovieID: VERM220323 | Seats Available: 30| Slot: Morning | Movie Date: 22/03/2023, 

06/04/2023 08:38:08: 18::Replicas.Replica1.Server::requestlistener::Request Listener initiated for server VERDUN
06/04/2023 08:38:22: 18::Replicas.Replica1.Service.MovieTicket::getMoviesListInTheatre:: MovieName: AVATAR | ServerResponse: VERDUN 
Movie Name: AVATAR | MovieID: VERM220323 | Seats Available: 30| Slot: Morning | Movie Date: 22/03/2023, 

06/04/2023 08:38:22: 18::Replicas.Replica1.Server::requestlistener::Request Listener initiated for server VERDUN
10/04/2023 02:07:04: 1::Replicas.Replica3.Server::startListenerAndRegisterEndPoint::Endpoint: com.sun.xml.internal.ws.transport.http.server.EndpointImpl@45ca843
10/04/2023 02:07:04: 18::Replicas.Replica3.Server::requestlistener::Listener Datagram port : 2508
10/04/2023 02:07:04: 18::Replicas.Replica3.Server::requestlistener::Request Listener initiated for server VERDUN
10/04/2023 02:07:04: 1::Replicas.Replica3.Server::startListenerAndRegisterEndPoint::Thread name: VERDUN
10/04/2023 02:07:04: 1::Replicas.Replica3.Server::startListenerAndRegisterEndPoint::State of thread: RUNNABLE
10/04/2023 02:10:10: 1::Replicas.Replica3.Server::startListenerAndRegisterEndPoint::Endpoint: com.sun.xml.internal.ws.transport.http.server.EndpointImpl@45ca843
10/04/2023 02:10:10: 18::Replicas.Replica3.Server::requestlistener::Listener Datagram port : 2508
10/04/2023 02:10:10: 18::Replicas.Replica3.Server::requestlistener::Request Listener initiated for server VERDUN
10/04/2023 02:10:10: 1::Replicas.Replica3.Server::startListenerAndRegisterEndPoint::Thread name: VERDUN
10/04/2023 02:10:10: 1::Replicas.Replica3.Server::startListenerAndRegisterEndPoint::State of thread: RUNNABLE
10/04/2023 02:33:19: 18::Replicas.Replica3.Service.MovieTicket::getMoviesListInTheatre:: MovieName: AVATAR | ServerResponse: VERDUN 
Movie Name: AVATAR | MovieID: VERM220323 | Seats Available: 30| Slot: Morning | Movie Date: 22/03/2023, 

10/04/2023 02:33:19: 18::Replicas.Replica3.Server::requestlistener::Request Listener initiated for server VERDUN
10/04/2023 02:35:22: 18::Replicas.Replica3.Service.MovieTicket::getMoviesListInTheatre:: MovieName: AVATAR | ServerResponse: VERDUN 
Movie Name: AVATAR | MovieID: VERM220323 | Seats Available: 30| Slot: Morning | Movie Date: 22/03/2023, 

10/04/2023 02:35:22: 18::Replicas.Replica3.Server::requestlistener::Request Listener initiated for server VERDUN
10/04/2023 02:40:31: 18::Replicas.Replica3.Service.MovieTicket::getMoviesListInTheatre:: MovieName: AVATAR | ServerResponse: VERDUN 
Movie Name: AVATAR | MovieID: VERM220323 | Seats Available: 30| Slot: Morning | Movie Date: 22/03/2023, 

10/04/2023 02:40:31: 18::Replicas.Replica3.Server::requestlistener::Request Listener initiated for server VERDUN
10/04/2023 03:09:25: 18::Replicas.Replica3.Service.MovieTicket::getMoviesListInTheatre:: MovieName: AVATAR | ServerResponse: VERDUN 
Movie Name: AVATAR | MovieID: VERM220323 | Seats Available: 30| Slot: Morning | Movie Date: 22/03/2023, 

10/04/2023 03:09:25: 18::Replicas.Replica3.Server::requestlistener::Request Listener initiated for server VERDUN
10/04/2023 03:13:20: 1::Replicas.Replica3.Server::startListenerAndRegisterEndPoint::Endpoint: com.sun.xml.internal.ws.transport.http.server.EndpointImpl@45ca843
10/04/2023 03:13:20: 18::Replicas.Replica3.Server::requestlistener::Listener Datagram port : 2508
10/04/2023 03:13:20: 18::Replicas.Replica3.Server::requestlistener::Request Listener initiated for server VERDUN
10/04/2023 03:13:20: 1::Replicas.Replica3.Server::startListenerAndRegisterEndPoint::Thread name: VERDUN
10/04/2023 03:13:20: 1::Replicas.Replica3.Server::startListenerAndRegisterEndPoint::State of thread: RUNNABLE
10/04/2023 03:14:23: 18::Replicas.Replica3.Service.MovieTicket::getMoviesListInTheatre:: MovieName: AVATAR | ServerResponse: VERDUN 
Movie Name: AVATAR | MovieID: VERM220323 | Seats Available: 30| Slot: Morning | Movie Date: 22/03/2023, 

10/04/2023 03:14:23: 18::Replicas.Replica3.Server::requestlistener::Request Listener initiated for server VERDUN
10/04/2023 03:16:20: 18::Replicas.Replica3.Service.MovieTicket::getMoviesListInTheatre:: MovieName: AVATAR | ServerResponse: VERDUN 
Movie Name: AVATAR | MovieID: VERM220323 | Seats Available: 30| Slot: Morning | Movie Date: 22/03/2023, 

10/04/2023 03:16:20: 18::Replicas.Replica3.Server::requestlistener::Request Listener initiated for server VERDUN
10/04/2023 03:17:28: 18::Replicas.Replica3.Service.MovieTicket::getMoviesListInTheatre:: MovieName: AVATAR | ServerResponse: VERDUN 
Movie Name: AVATAR | MovieID: VERM220323 | Seats Available: 30| Slot: Morning | Movie Date: 22/03/2023, 

10/04/2023 03:17:28: 18::Replicas.Replica3.Server::requestlistener::Request Listener initiated for server VERDUN
10/04/2023 03:19:42: 18::Replicas.Replica3.Service.MovieTicket::getMoviesListInTheatre:: MovieName: AVATAR | ServerResponse: VERDUN 
Movie Name: AVATAR | MovieID: VERM220323 | Seats Available: 30| Slot: Morning | Movie Date: 22/03/2023, 

10/04/2023 03:19:42: 18::Replicas.Replica3.Server::requestlistener::Request Listener initiated for server VERDUN
10/04/2023 03:21:47: 18::Replicas.Replica3.Service.MovieTicket::getMoviesListInTheatre:: MovieName: AVATAR | ServerResponse: VERDUN 
Movie Name: AVATAR | MovieID: VERM220323 | Seats Available: 30| Slot: Morning | Movie Date: 22/03/2023, 

10/04/2023 03:21:47: 18::Replicas.Replica3.Server::requestlistener::Request Listener initiated for server VERDUN
10/04/2023 03:23:26: 18::Replicas.Replica3.Service.MovieTicket::getMoviesListInTheatre:: MovieName: AVATAR | ServerResponse: VERDUN 
Movie Name: AVATAR | MovieID: VERM220323 | Seats Available: 30| Slot: Morning | Movie Date: 22/03/2023, 

10/04/2023 03:23:26: 18::Replicas.Replica3.Server::requestlistener::Request Listener initiated for server VERDUN
10/04/2023 03:25:38: 18::Replicas.Replica3.Service.MovieTicket::getMoviesListInTheatre:: MovieName: AVATAR | ServerResponse: VERDUN 
Movie Name: AVATAR | MovieID: VERM220323 | Seats Available: 30| Slot: Morning | Movie Date: 22/03/2023, 

10/04/2023 03:25:38: 18::Replicas.Replica3.Server::requestlistener::Request Listener initiated for server VERDUN
10/04/2023 03:25:56: 18::Replicas.Replica3.Service.MovieTicket::getMoviesListInTheatre:: MovieName: AVATAR | ServerResponse: VERDUN 
Movie Name: AVATAR | MovieID: VERM220323 | Seats Available: 30| Slot: Morning | Movie Date: 22/03/2023, 

10/04/2023 03:25:56: 18::Replicas.Replica3.Server::requestlistener::Request Listener initiated for server VERDUN
10/04/2023 03:27:13: 18::Replicas.Replica3.Service.MovieTicket::getMoviesListInTheatre:: MovieName: AVATAR | ServerResponse: VERDUN 
Movie Name: AVATAR | MovieID: VERM220323 | Seats Available: 30| Slot: Morning | Movie Date: 22/03/2023, 

10/04/2023 03:27:13: 18::Replicas.Replica3.Server::requestlistener::Request Listener initiated for server VERDUN
10/04/2023 03:32:42: 18::Replicas.Replica3.Service.MovieTicket::getMoviesListInTheatre:: MovieName: AVATAR | ServerResponse: VERDUN 
Movie Name: AVATAR | MovieID: VERM220323 | Seats Available: 30| Slot: Morning | Movie Date: 22/03/2023, 

10/04/2023 03:32:42: 18::Replicas.Replica3.Server::requestlistener::Request Listener initiated for server VERDUN
10/04/2023 03:39:20: 18::Replicas.Replica3.Service.MovieTicket::getMoviesListInTheatre:: MovieName: AVATAR | ServerResponse: VERDUN 
Movie Name: AVATAR | MovieID: VERM220323 | Seats Available: 30| Slot: Morning | Movie Date: 22/03/2023, 

10/04/2023 03:39:20: 18::Replicas.Replica3.Server::requestlistener::Request Listener initiated for server VERDUN
10/04/2023 03:42:22: 18::Replicas.Replica3.Service.MovieTicket::getMoviesListInTheatre:: MovieName: AVATAR | ServerResponse: VERDUN 
Movie Name: AVATAR | MovieID: VERM220323 | Seats Available: 30| Slot: Morning | Movie Date: 22/03/2023, 

10/04/2023 03:42:22: 18::Replicas.Replica3.Server::requestlistener::Request Listener initiated for server VERDUN
10/04/2023 03:54:48: 18::Replicas.Replica3.Service.MovieTicket::getMoviesListInTheatre:: MovieName: AVATAR | ServerResponse: VERDUN 
Movie Name: AVATAR | MovieID: VERM220323 | Seats Available: 30| Slot: Morning | Movie Date: 22/03/2023, 

10/04/2023 03:54:48: 18::Replicas.Replica3.Server::requestlistener::Request Listener initiated for server VERDUN
10/04/2023 03:55:35: 18::Replicas.Replica3.Service.MovieTicket::getMoviesListInTheatre:: MovieName: AVATAR | ServerResponse: VERDUN 
Movie Name: AVATAR | MovieID: VERM220323 | Seats Available: 30| Slot: Morning | Movie Date: 22/03/2023, 

10/04/2023 03:55:35: 18::Replicas.Replica3.Server::requestlistener::Request Listener initiated for server VERDUN
10/04/2023 03:56:19: 18::Replicas.Replica3.Service.MovieTicket::getMoviesListInTheatre:: MovieName: AVATAR | ServerResponse: VERDUN 
Movie Name: AVATAR | MovieID: VERM220323 | Seats Available: 30| Slot: Morning | Movie Date: 22/03/2023, 

10/04/2023 03:56:19: 18::Replicas.Replica3.Server::requestlistener::Request Listener initiated for server VERDUN
10/04/2023 03:57:00: 1::Replicas.Replica3.Server::startListenerAndRegisterEndPoint::Endpoint: com.sun.xml.internal.ws.transport.http.server.EndpointImpl@45ca843
10/04/2023 03:57:00: 18::Replicas.Replica3.Server::requestlistener::Listener Datagram port : 2508
10/04/2023 03:57:00: 18::Replicas.Replica3.Server::requestlistener::Request Listener initiated for server VERDUN
10/04/2023 03:57:00: 1::Replicas.Replica3.Server::startListenerAndRegisterEndPoint::Thread name: VERDUN
10/04/2023 03:57:00: 1::Replicas.Replica3.Server::startListenerAndRegisterEndPoint::State of thread: RUNNABLE
10/04/2023 03:57:18: 18::Replicas.Replica3.Service.MovieTicket::getMoviesListInTheatre:: MovieName: AVATAR | ServerResponse: VERDUN 
Movie Name: AVATAR | MovieID: VERM220323 | Seats Available: 30| Slot: Morning | Movie Date: 22/03/2023, 

10/04/2023 03:57:18: 18::Replicas.Replica3.Server::requestlistener::Request Listener initiated for server VERDUN
10/04/2023 03:58:09: 18::Replicas.Replica3.Service.MovieTicket::getMoviesListInTheatre:: MovieName: AVATAR | ServerResponse: VERDUN 
Movie Name: AVATAR | MovieID: VERM220323 | Seats Available: 30| Slot: Morning | Movie Date: 22/03/2023, 

10/04/2023 03:58:09: 18::Replicas.Replica3.Server::requestlistener::Request Listener initiated for server VERDUN
10/04/2023 03:59:48: 18::Replicas.Replica3.Service.MovieTicket::getMoviesListInTheatre:: MovieName: AVATAR | ServerResponse: VERDUN 
Movie Name: AVATAR | MovieID: VERM220323 | Seats Available: 30| Slot: Morning | Movie Date: 22/03/2023, 

10/04/2023 03:59:48: 18::Replicas.Replica3.Server::requestlistener::Request Listener initiated for server VERDUN
10/04/2023 04:00:19: 18::Replicas.Replica3.Service.MovieTicket::getMoviesListInTheatre:: MovieName: AVATAR | ServerResponse: VERDUN 
Movie Name: AVATAR | MovieID: VERM220323 | Seats Available: 30| Slot: Morning | Movie Date: 22/03/2023, 

10/04/2023 04:00:19: 18::Replicas.Replica3.Server::requestlistener::Request Listener initiated for server VERDUN
10/04/2023 04:00:46: 18::Replicas.Replica3.Service.MovieTicket::getMoviesListInTheatre:: MovieName: AVATAR | ServerResponse: VERDUN 
Movie Name: AVATAR | MovieID: VERM220323 | Seats Available: 30| Slot: Morning | Movie Date: 22/03/2023, 

10/04/2023 04:00:46: 18::Replicas.Replica3.Server::requestlistener::Request Listener initiated for server VERDUN
