03/04/2023 05:15:03: 1::Client.FrontEnd::login::CustomerID: ATWA1212
03/04/2023 05:15:03: 1::Client.FrontEnd::login::Server Name: ATWATER
03/04/2023 05:15:03: 1::Client.FrontEnd::login::Server PORT: 2501
03/04/2023 05:16:08: 1::Client.FrontEnd::login::CustomerID: ATWA1212
03/04/2023 05:16:08: 1::Client.FrontEnd::login::Server Name: ATWATER
03/04/2023 05:16:08: 1::Client.FrontEnd::login::Server PORT: 2501
03/04/2023 05:17:17: 1::Client.FrontEnd::login::CustomerID: ATWA1212
03/04/2023 05:17:17: 1::Client.FrontEnd::login::Server Name: ATWATER
03/04/2023 05:17:17: 1::Client.FrontEnd::login::Server PORT: 2501
03/04/2023 05:18:10: 1::Client.FrontEnd::referToSelectedMenuObj::CustomerID: ATWA1212 | MovieName: AVATAR | ServerResponse: validateResponses(myRequest)
03/04/2023 05:19:25: 1::Client.FrontEnd::referToSelectedMenuObj::CustomerID: ATWA1212 | MovieName: AVATAR | ServerResponse: validateResponses(myRequest)
03/04/2023 05:27:01: 1::Client.FrontEnd::referToSelectedMenuObj::CustomerID: ATWA1212 | MovieName: AVATAR | ServerResponse: validateResponses(myRequest)
03/04/2023 05:32:33: 1::Client.FrontEnd::login::CustomerID: ATWA1212
03/04/2023 05:32:33: 1::Client.FrontEnd::login::Server Name: ATWATER
03/04/2023 05:32:33: 1::Client.FrontEnd::login::Server PORT: 2501
03/04/2023 05:33:13: 1::Client.FrontEnd::referToSelectedMenuObj::CustomerID: ATWA1212 | MovieName: AVATAR | ServerResponse: validateResponses(myRequest)
03/04/2023 05:59:14: 1::Client.FrontEnd::login::CustomerID: ATWA1212
03/04/2023 05:59:14: 1::Client.FrontEnd::login::Server Name: ATWATER
03/04/2023 05:59:14: 1::Client.FrontEnd::login::Server PORT: 2501
03/04/2023 06:01:39: 1::Client.FrontEnd::referToSelectedMenuObj::CustomerID: ATWA1212 | MovieName: AVATAR | ServerResponse: validateResponses(myRequest)
03/04/2023 06:02:24: 1::Client.FrontEnd::referToSelectedMenuObj::CustomerID: ATWA1212 | MovieName: AVATAR | ServerResponse: validateResponses(myRequest)
03/04/2023 06:04:41: 1::Client.FrontEnd::login::CustomerID: ATWA1212
03/04/2023 06:04:41: 1::Client.FrontEnd::login::Server Name: ATWATER
03/04/2023 06:04:41: 1::Client.FrontEnd::login::Server PORT: 2501
03/04/2023 06:06:07: 1::Client.FrontEnd::referToSelectedMenuObj::CustomerID: ATWA1212 | MovieName: AVATAR | ServerResponse: validateResponses(myRequest)
03/04/2023 06:49:27: 1::Client.FrontEnd::login::CustomerID: ATWA1212
03/04/2023 06:49:27: 1::Client.FrontEnd::login::Server Name: ATWATER
03/04/2023 06:49:27: 1::Client.FrontEnd::login::Server PORT: 2501
03/04/2023 06:51:27: 1::Client.FrontEnd::referToSelectedMenuObj::CustomerID: ATWA1212 | MovieName: AVATAR | ServerResponse: validateResponses(myRequest)
03/04/2023 06:54:50: 1::Client.FrontEnd::login::CustomerID: ATWA1212
03/04/2023 06:54:50: 1::Client.FrontEnd::login::Server Name: ATWATER
03/04/2023 06:54:50: 1::Client.FrontEnd::login::Server PORT: 2501
03/04/2023 06:55:54: 1::Client.FrontEnd::referToSelectedMenuObj::CustomerID: ATWA1212 | MovieName: AVATAR | ServerResponse: validateResponses(myRequest)
03/04/2023 06:58:05: 1::Client.FrontEnd::login::CustomerID: ATWA1212
03/04/2023 06:58:05: 1::Client.FrontEnd::login::Server Name: ATWATER
03/04/2023 06:58:05: 1::Client.FrontEnd::login::Server PORT: 2501
03/04/2023 06:58:53: 1::Client.FrontEnd::referToSelectedMenuObj::CustomerID: ATWA1212 | MovieName: AVATAR | ServerResponse: validateResponses(myRequest)
03/04/2023 06:59:52: 1::Client.FrontEnd::login::CustomerID: ATWA1212
03/04/2023 06:59:52: 1::Client.FrontEnd::login::Server Name: ATWATER
03/04/2023 06:59:52: 1::Client.FrontEnd::login::Server PORT: 2501
04/04/2023 10:17:41: 1::Client.FrontEnd::referToSelectedMenuObj::CustomerID: ATWA1212 | MovieName: AVATAR | ServerResponse: validateResponses(myRequest)
04/04/2023 11:00:49: 1::Client.FrontEnd::login::CustomerID: ATWA1212
04/04/2023 11:00:49: 1::Client.FrontEnd::login::Server Name: ATWATER
04/04/2023 11:00:49: 1::Client.FrontEnd::login::Server PORT: 2501
04/04/2023 11:01:37: 1::Client.FrontEnd::login::CustomerID: ATWA1212
04/04/2023 11:01:37: 1::Client.FrontEnd::login::Server Name: ATWATER
04/04/2023 11:01:37: 1::Client.FrontEnd::login::Server PORT: 2501
04/04/2023 11:08:51: 1::Client.FrontEnd::login::CustomerID: ATWA1212
04/04/2023 11:08:51: 1::Client.FrontEnd::login::Server Name: ATWATER
04/04/2023 11:08:51: 1::Client.FrontEnd::login::Server PORT: 2501
04/04/2023 11:11:51: 1::Client.FrontEnd::login::CustomerID: ATWA1212
04/04/2023 11:11:51: 1::Client.FrontEnd::login::Server Name: ATWATER
04/04/2023 11:11:51: 1::Client.FrontEnd::login::Server PORT: 2501
04/04/2023 11:12:08: 1::Client.FrontEnd::login::CustomerID: ATWA1212
04/04/2023 11:12:08: 1::Client.FrontEnd::login::Server Name: ATWATER
04/04/2023 11:12:08: 1::Client.FrontEnd::login::Server PORT: 2501
04/04/2023 11:12:39: 1::Client.FrontEnd::login::CustomerID: ATWA1212
04/04/2023 11:12:39: 1::Client.FrontEnd::login::Server Name: ATWATER
04/04/2023 11:12:39: 1::Client.FrontEnd::login::Server PORT: 2501
04/04/2023 11:18:45: 1::Client.FrontEnd::login::CustomerID: ATWA1212
04/04/2023 11:18:45: 1::Client.FrontEnd::login::Server Name: ATWATER
04/04/2023 11:18:45: 1::Client.FrontEnd::login::Server PORT: 2501
04/04/2023 11:19:49: 1::Client.FrontEnd::referToSelectedMenuObj::CustomerID: ATWA1212 | MovieName: AVATAR | ServerResponse: validateResponses(myRequest)
04/04/2023 11:20:56: 1::Client.FrontEnd::login::CustomerID: ATWA1212
04/04/2023 11:20:56: 1::Client.FrontEnd::login::Server Name: ATWATER
04/04/2023 11:20:56: 1::Client.FrontEnd::login::Server PORT: 2501
04/04/2023 11:22:14: 1::Client.FrontEnd::login::CustomerID: ATWA1212
04/04/2023 11:22:14: 1::Client.FrontEnd::login::Server Name: ATWATER
04/04/2023 11:22:14: 1::Client.FrontEnd::login::Server PORT: 2501
04/04/2023 11:22:37: 1::Client.FrontEnd::referToSelectedMenuObj::CustomerID: ATWA1212 | MovieName: AVATAR | ServerResponse: validateResponses(myRequest)
04/04/2023 11:23:57: 1::Client.FrontEnd::login::CustomerID: ATWA1212
04/04/2023 11:23:57: 1::Client.FrontEnd::login::Server Name: ATWATER
04/04/2023 11:23:57: 1::Client.FrontEnd::login::Server PORT: 2501
04/04/2023 11:24:25: 1::Client.FrontEnd::referToSelectedMenuObj::CustomerID: ATWA1212 | MovieName: AVATAR | ServerResponse: validateResponses(myRequest)
04/04/2023 11:25:34: 1::Client.FrontEnd::login::CustomerID: ATWA1212
04/04/2023 11:25:34: 1::Client.FrontEnd::login::Server Name: ATWATER
04/04/2023 11:25:34: 1::Client.FrontEnd::login::Server PORT: 2501
04/04/2023 11:25:46: 1::Client.FrontEnd::referToSelectedMenuObj::CustomerID: ATWA1212 | MovieName: AVATAR | ServerResponse: validateResponses(myRequest)
04/04/2023 11:26:25: 1::Client.FrontEnd::login::CustomerID: ATWA1212
04/04/2023 11:26:25: 1::Client.FrontEnd::login::Server Name: ATWATER
04/04/2023 11:26:25: 1::Client.FrontEnd::login::Server PORT: 2501
04/04/2023 11:26:36: 1::Client.FrontEnd::referToSelectedMenuObj::CustomerID: ATWA1212 | MovieName: AVATAR | ServerResponse: validateResponses(myRequest)
04/04/2023 05:11:36: 1::Client.FrontEnd::login::CustomerID: ATWA1212
04/04/2023 05:11:36: 1::Client.FrontEnd::login::Server Name: ATWATER
04/04/2023 05:11:36: 1::Client.FrontEnd::login::Server PORT: 2501
04/04/2023 05:13:41: 1::Client.FrontEnd::login::CustomerID: ATWA1212
04/04/2023 05:13:41: 1::Client.FrontEnd::login::Server Name: ATWATER
04/04/2023 05:13:41: 1::Client.FrontEnd::login::Server PORT: 2501
04/04/2023 05:14:36: 1::Client.FrontEnd::login::CustomerID: ATWA1212
04/04/2023 05:14:36: 1::Client.FrontEnd::login::Server Name: ATWATER
04/04/2023 05:14:36: 1::Client.FrontEnd::login::Server PORT: 2501
04/04/2023 05:20:19: 1::Client.FrontEnd::login::CustomerID: ATWA1212
04/04/2023 05:20:19: 1::Client.FrontEnd::login::Server Name: ATWATER
04/04/2023 05:20:19: 1::Client.FrontEnd::login::Server PORT: 2501
04/04/2023 05:21:06: 1::Client.FrontEnd::referToSelectedMenuObj::CustomerID: ATWA1212 | MovieName: AVATAR | ServerResponse: All RMs are down
04/04/2023 05:21:46: 1::Client.FrontEnd::login::CustomerID: ATWA1212
04/04/2023 05:21:46: 1::Client.FrontEnd::login::Server Name: ATWATER
04/04/2023 05:21:46: 1::Client.FrontEnd::login::Server PORT: 2501
04/04/2023 05:22:09: 1::Client.FrontEnd::referToSelectedMenuObj::CustomerID: ATWA1212 | MovieName: AVATAR | ServerResponse: All RMs are down
04/04/2023 05:22:28: 1::Client.FrontEnd::login::CustomerID: ATWA1212
04/04/2023 05:22:28: 1::Client.FrontEnd::login::Server Name: ATWATER
04/04/2023 05:22:28: 1::Client.FrontEnd::login::Server PORT: 2501
04/04/2023 05:22:40: 1::Client.FrontEnd::referToSelectedMenuObj::CustomerID: ATWA1212 | MovieName: AVATAR | ServerResponse: All RMs are down
04/04/2023 05:25:14: 1::Client.FrontEnd::login::CustomerID: ATWA1212
04/04/2023 05:25:14: 1::Client.FrontEnd::login::Server Name: ATWATER
04/04/2023 05:25:14: 1::Client.FrontEnd::login::Server PORT: 2501
04/04/2023 05:25:44: 1::Client.FrontEnd::referToSelectedMenuObj::CustomerID: ATWA1212 | MovieName: AVATAR | ServerResponse: All RMs are down
04/04/2023 06:04:22: 1::Client.FrontEnd::login::CustomerID: ATWA1212
04/04/2023 06:04:22: 1::Client.FrontEnd::login::Server Name: ATWATER
04/04/2023 06:04:22: 1::Client.FrontEnd::login::Server PORT: 2501
04/04/2023 06:04:34: 1::Client.FrontEnd::referToSelectedMenuObj::CustomerID: ATWA1212 | MovieName: AVATAR | ServerResponse: All RMs are down
04/04/2023 06:05:18: 1::Client.FrontEnd::login::CustomerID: ATWA1212
04/04/2023 06:05:18: 1::Client.FrontEnd::login::Server Name: ATWATER
04/04/2023 06:05:18: 1::Client.FrontEnd::login::Server PORT: 2501
04/04/2023 06:05:36: 1::Client.FrontEnd::referToSelectedMenuObj::CustomerID: ATWA1212 | MovieName: AVATAR | ServerResponse: All RMs are down
04/04/2023 06:07:16: 1::Client.FrontEnd::login::CustomerID: ATWA1212
04/04/2023 06:07:16: 1::Client.FrontEnd::login::Server Name: ATWATER
04/04/2023 06:07:16: 1::Client.FrontEnd::login::Server PORT: 2501
04/04/2023 06:07:31: 1::Client.FrontEnd::referToSelectedMenuObj::CustomerID: ATWA1212 | MovieName: AVATAR | ServerResponse: All RMs are down
04/04/2023 06:29:06: 1::Client.FrontEnd::login::CustomerID: ATWA1212
04/04/2023 06:29:06: 1::Client.FrontEnd::login::Server Name: ATWATER
04/04/2023 06:29:06: 1::Client.FrontEnd::login::Server PORT: 2501
04/04/2023 06:29:41: 1::Client.FrontEnd::referToSelectedMenuObj::CustomerID: ATWA1212 | MovieName: AVATAR | ServerResponse: All RMs are down
04/04/2023 06:31:00: 1::Client.FrontEnd::login::CustomerID: ATWA1212
04/04/2023 06:31:00: 1::Client.FrontEnd::login::Server Name: ATWATER
04/04/2023 06:31:00: 1::Client.FrontEnd::login::Server PORT: 2501
04/04/2023 06:31:30: 1::Client.FrontEnd::login::CustomerID: ATWA1212
04/04/2023 06:31:30: 1::Client.FrontEnd::login::Server Name: ATWATER
04/04/2023 06:31:30: 1::Client.FrontEnd::login::Server PORT: 2501
04/04/2023 06:31:51: 1::Client.FrontEnd::referToSelectedMenuObj::CustomerID: ATWA1212 | MovieName: AVATAR | ServerResponse: ATWATER 
Movie Name: AVATAR | MovieID: ATWA210323 | Seats Available: 50| Slot: Afternoon | Movie Date: 21/03/2023, 
Movie Name: AVATAR | MovieID: ATWM290323 | Seats Available: 50| Slot: Morning | Movie Date: 29/03/2023, 
Movie Name: AVATAR | MovieID: ATWA110323 | Seats Available: 50| Slot: Afternoon | Movie Date: 11/03/2023, 
Movie Name: AVATAR | MovieID: ATWA230323 | Seats Available: 50| Slot: Afternoon | Movie Date: 23/03/2023, 

VERDUN 
Movie Name: AVATAR | MovieID: VERM220323 | Seats Available: 30| Slot: Morning | Movie Date: 22/03/2023,

OUTREMONT 
Movie Name: AVATAR | MovieID: OUTE210323 | Seats Available: 30| Slot: Evening | Movie Date: 21/03/2023,

04/04/2023 06:33:10: 1::Client.FrontEnd::login::CustomerID: ATWA1212
04/04/2023 06:33:10: 1::Client.FrontEnd::login::Server Name: ATWATER
04/04/2023 06:33:10: 1::Client.FrontEnd::login::Server PORT: 2501
04/04/2023 06:33:22: 1::Client.FrontEnd::referToSelectedMenuObj::CustomerID: ATWA1212 | MovieName: AVATAR | ServerResponse: ATWATER 
Movie Name: AVATAR | MovieID: ATWA210323 | Seats Available: 50| Slot: Afternoon | Movie Date: 21/03/2023, 
Movie Name: AVATAR | MovieID: ATWM290323 | Seats Available: 50| Slot: Morning | Movie Date: 29/03/2023, 
Movie Name: AVATAR | MovieID: ATWA110323 | Seats Available: 50| Slot: Afternoon | Movie Date: 11/03/2023, 
Movie Name: AVATAR | MovieID: ATWA230323 | Seats Available: 50| Slot: Afternoon | Movie Date: 23/03/2023, 

VERDUN 
Movie Name: AVATAR | MovieID: VERM220323 | Seats Available: 30| Slot: Morning | Movie Date: 22/03/2023,

OUTREMONT 
Movie Name: AVATAR | MovieID: OUTE210323 | Seats Available: 30| Slot: Evening | Movie Date: 21/03/2023,

04/04/2023 06:38:02: 1::Client.FrontEnd::login::CustomerID: ATWA1212
04/04/2023 06:38:02: 1::Client.FrontEnd::login::Server Name: ATWATER
04/04/2023 06:38:02: 1::Client.FrontEnd::login::Server PORT: 2501
04/04/2023 06:38:50: 1::Client.FrontEnd::login::CustomerID: ATWA1212
04/04/2023 06:38:50: 1::Client.FrontEnd::login::Server Name: ATWATER
04/04/2023 06:38:50: 1::Client.FrontEnd::login::Server PORT: 2501
04/04/2023 06:39:18: 1::Client.FrontEnd::login::CustomerID: ATWA1212
04/04/2023 06:39:18: 1::Client.FrontEnd::login::Server Name: ATWATER
04/04/2023 06:39:18: 1::Client.FrontEnd::login::Server PORT: 2501
04/04/2023 06:40:04: 1::Client.FrontEnd::login::CustomerID: ATWA1212
04/04/2023 06:40:04: 1::Client.FrontEnd::login::Server Name: ATWATER
04/04/2023 06:40:04: 1::Client.FrontEnd::login::Server PORT: 2501
04/04/2023 06:40:15: 1::Client.FrontEnd::referToSelectedMenuObj::CustomerID: ATWA1212 | MovieName: AVATAR | ServerResponse: ATWATER 
Movie Name: AVATAR | MovieID: ATWA210323 | Seats Available: 50| Slot: Afternoon | Movie Date: 21/03/2023, 
Movie Name: AVATAR | MovieID: ATWM290323 | Seats Available: 50| Slot: Morning | Movie Date: 29/03/2023, 
Movie Name: AVATAR | MovieID: ATWA110323 | Seats Available: 50| Slot: Afternoon | Movie Date: 11/03/2023, 
Movie Name: AVATAR | MovieID: ATWA230323 | Seats Available: 50| Slot: Afternoon | Movie Date: 23/03/2023, 

VERDUN 
Movie Name: AVATAR | MovieID: VERM220323 | Seats Available: 30| Slot: Morning | Movie Date: 22/03/2023,

OUTREMONT 
Movie Name: AVATAR | MovieID: OUTE210323 | Seats Available: 30| Slot: Evening | Movie Date: 21/03/2023,

04/04/2023 06:41:04: 1::Client.FrontEnd::login::CustomerID: ATWA1212
04/04/2023 06:41:04: 1::Client.FrontEnd::login::Server Name: ATWATER
04/04/2023 06:41:04: 1::Client.FrontEnd::login::Server PORT: 2501
04/04/2023 06:44:08: 1::Client.FrontEnd::login::CustomerID: ATWA1212
04/04/2023 06:44:08: 1::Client.FrontEnd::login::Server Name: ATWATER
04/04/2023 06:44:08: 1::Client.FrontEnd::login::Server PORT: 2501
04/04/2023 06:44:23: 1::Client.FrontEnd::login::CustomerID: ATWA1212
04/04/2023 06:44:23: 1::Client.FrontEnd::login::Server Name: ATWATER
04/04/2023 06:44:23: 1::Client.FrontEnd::login::Server PORT: 2501
04/04/2023 06:48:52: 1::Client.FrontEnd::referToSelectedMenuObj::CustomerID: ATWA1212 | MovieName: AVATAR | ServerResponse: ATWATER 
Movie Name: AVATAR | MovieID: ATWA210323 | Seats Available: 50| Slot: Afternoon | Movie Date: 21/03/2023, 
Movie Name: AVATAR | MovieID: ATWM290323 | Seats Available: 50| Slot: Morning | Movie Date: 29/03/2023, 
Movie Name: AVATAR | MovieID: ATWA110323 | Seats Available: 50| Slot: Afternoon | Movie Date: 11/03/2023, 
Movie Name: AVATAR | MovieID: ATWA230323 | Seats Available: 50| Slot: Afternoon | Movie Date: 23/03/2023, 

VERDUN 
Movie Name: AVATAR | MovieID: VERM220323 | Seats Available: 30| Slot: Morning | Movie Date: 22/03/2023,

OUTREMONT 
Movie Name: AVATAR | MovieID: OUTE210323 | Seats Available: 30| Slot: Evening | Movie Date: 21/03/2023,

04/04/2023 06:49:41: 1::Client.FrontEnd::login::CustomerID: ATWA1212
04/04/2023 06:49:41: 1::Client.FrontEnd::login::Server Name: ATWATER
04/04/2023 06:49:41: 1::Client.FrontEnd::login::Server PORT: 2501
04/04/2023 06:50:11: 1::Client.FrontEnd::login::CustomerID: ATWA1212
04/04/2023 06:50:11: 1::Client.FrontEnd::login::Server Name: ATWATER
04/04/2023 06:50:11: 1::Client.FrontEnd::login::Server PORT: 2501
04/04/2023 06:50:23: 1::Client.FrontEnd::referToSelectedMenuObj::CustomerID: ATWA1212 | MovieName: AVATAR | ServerResponse: ATWATER 
Movie Name: AVATAR | MovieID: ATWA210323 | Seats Available: 50| Slot: Afternoon | Movie Date: 21/03/2023, 
Movie Name: AVATAR | MovieID: ATWM290323 | Seats Available: 50| Slot: Morning | Movie Date: 29/03/2023, 
Movie Name: AVATAR | MovieID: ATWA110323 | Seats Available: 50| Slot: Afternoon | Movie Date: 11/03/2023, 
Movie Name: AVATAR | MovieID: ATWA230323 | Seats Available: 50| Slot: Afternoon | Movie Date: 23/03/2023, 

VERDUN 
Movie Name: AVATAR | MovieID: VERM220323 | Seats Available: 30| Slot: Morning | Movie Date: 22/03/2023,

OUTREMONT 
Movie Name: AVATAR | MovieID: OUTE210323 | Seats Available: 30| Slot: Evening | Movie Date: 21/03/2023,

04/04/2023 06:58:26: 1::Client.FrontEnd::login::CustomerID: ATWA1212
04/04/2023 06:58:26: 1::Client.FrontEnd::login::Server Name: ATWATER
04/04/2023 06:58:26: 1::Client.FrontEnd::login::Server PORT: 2501
04/04/2023 06:58:37: 1::Client.FrontEnd::referToSelectedMenuObj::CustomerID: ATWA1212 | MovieName: AVATAR | ServerResponse: ATWATER 
Movie Name: AVATAR | MovieID: ATWA210323 | Seats Available: 50| Slot: Afternoon | Movie Date: 21/03/2023, 
Movie Name: AVATAR | MovieID: ATWM290323 | Seats Available: 50| Slot: Morning | Movie Date: 29/03/2023, 
Movie Name: AVATAR | MovieID: ATWA110323 | Seats Available: 50| Slot: Afternoon | Movie Date: 11/03/2023, 
Movie Name: AVATAR | MovieID: ATWA230323 | Seats Available: 50| Slot: Afternoon | Movie Date: 23/03/2023, 

VERDUN 
Movie Name: AVATAR | MovieID: VERM220323 | Seats Available: 30| Slot: Morning | Movie Date: 22/03/2023,

OUTREMONT 
Movie Name: AVATAR | MovieID: OUTE210323 | Seats Available: 30| Slot: Evening | Movie Date: 21/03/2023,

04/04/2023 06:58:51: 1::Client.FrontEnd::referToSelectedMenuObj::CustomerID: ATWA1212 | MovieName: AVATAR | ServerResponse: All RMs are down
04/04/2023 06:59:14: 1::Client.FrontEnd::referToSelectedMenuObj::CustomerID: ATWA1212 | MovieName: AVATAR | ServerResponse: All RMs are down
04/04/2023 07:25:00: 1::Client.FrontEnd::login::CustomerID: ATWA1212
04/04/2023 07:25:00: 1::Client.FrontEnd::login::Server Name: ATWATER
04/04/2023 07:25:00: 1::Client.FrontEnd::login::Server PORT: 2501
04/04/2023 07:25:12: 1::Client.FrontEnd::referToSelectedMenuObj::CustomerID: ATWA1212 | MovieName: AVATAR | ServerResponse: ATWATER 
Movie Name: AVATAR | MovieID: ATWA210323 | Seats Available: 50| Slot: Afternoon | Movie Date: 21/03/2023, 
Movie Name: AVATAR | MovieID: ATWM290323 | Seats Available: 50| Slot: Morning | Movie Date: 29/03/2023, 
Movie Name: AVATAR | MovieID: ATWA110323 | Seats Available: 50| Slot: Afternoon | Movie Date: 11/03/2023, 
Movie Name: AVATAR | MovieID: ATWA230323 | Seats Available: 50| Slot: Afternoon | Movie Date: 23/03/2023, 

VERDUN 
Movie Name: AVATAR | MovieID: VERM220323 | Seats Available: 30| Slot: Morning | Movie Date: 22/03/2023,

OUTREMONT 
Movie Name: AVATAR | MovieID: OUTE210323 | Seats Available: 30| Slot: Evening | Movie Date: 21/03/2023,

04/04/2023 07:25:27: 1::Client.FrontEnd::referToSelectedMenuObj::CustomerID: ATWA1212 | MovieName: AVATAR | ServerResponse: ATWATER 
Movie Name: AVATAR | MovieID: ATWA210323 | Seats Available: 50| Slot: Afternoon | Movie Date: 21/03/2023, 
Movie Name: AVATAR | MovieID: ATWM290323 | Seats Available: 50| Slot: Morning | Movie Date: 29/03/2023, 
Movie Name: AVATAR | MovieID: ATWA110323 | Seats Available: 50| Slot: Afternoon | Movie Date: 11/03/2023, 
Movie Name: AVATAR | MovieID: ATWA230323 | Seats Available: 50| Slot: Afternoon | Movie Date: 23/03/2023, 

VERDUN 
Movie Name: AVATAR | MovieID: VERM220323 | Seats Available: 30| Slot: Morning | Movie Date: 22/03/2023,

OUTREMONT 
Movie Name: AVATAR | MovieID: OUTE210323 | Seats Available: 30| Slot: Evening | Movie Date: 21/03/2023,

04/04/2023 07:43:35: 1::Client.FrontEnd::referToSelectedMenuObj::CustomerID: ATWA1212 | MovieName: AVATAR | ServerResponse: ATWATER 
Movie Name: AVATAR | MovieID: ATWA210323 | Seats Available: 50| Slot: Afternoon | Movie Date: 21/03/2023, 
Movie Name: AVATAR | MovieID: ATWM290323 | Seats Available: 50| Slot: Morning | Movie Date: 29/03/2023, 
Movie Name: AVATAR | MovieID: ATWA110323 | Seats Available: 50| Slot: Afternoon | Movie Date: 11/03/2023, 
Movie Name: AVATAR | MovieID: ATWA230323 | Seats Available: 50| Slot: Afternoon | Movie Date: 23/03/2023, 

VERDUN 
Movie Name: AVATAR | MovieID: VERM220323 | Seats Available: 30| Slot: Morning | Movie Date: 22/03/2023,

OUTREMONT 
Movie Name: AVATAR | MovieID: OUTE210323 | Seats Available: 30| Slot: Evening | Movie Date: 21/03/2023,

04/04/2023 07:46:41: 1::Client.FrontEnd::login::CustomerID: ATWA1212
04/04/2023 07:46:41: 1::Client.FrontEnd::login::Server Name: ATWATER
04/04/2023 07:46:41: 1::Client.FrontEnd::login::Server PORT: 2501
04/04/2023 07:46:52: 1::Client.FrontEnd::referToSelectedMenuObj::CustomerID: ATWA1212 | MovieName: AVATAR | ServerResponse: ATWATER 
Movie Name: AVATAR | MovieID: ATWA210323 | Seats Available: 50| Slot: Afternoon | Movie Date: 21/03/2023, 
Movie Name: AVATAR | MovieID: ATWM290323 | Seats Available: 50| Slot: Morning | Movie Date: 29/03/2023, 
Movie Name: AVATAR | MovieID: ATWA110323 | Seats Available: 50| Slot: Afternoon | Movie Date: 11/03/2023, 
Movie Name: AVATAR | MovieID: ATWA230323 | Seats Available: 50| Slot: Afternoon | Movie Date: 23/03/2023, 

VERDUN 
Movie Name: AVATAR | MovieID: VERM220323 | Seats Available: 30| Slot: Morning | Movie Date: 22/03/2023,

OUTREMONT 
Movie Name: AVATAR | MovieID: OUTE210323 | Seats Available: 30| Slot: Evening | Movie Date: 21/03/2023,

04/04/2023 07:47:44: 1::Client.FrontEnd::referToSelectedMenuObj::CustomerID: ATWA1212 | MovieName: AVATAR | ServerResponse: All RMs are down
04/04/2023 07:48:13: 1::Client.FrontEnd::login::CustomerID: ATWA1212
04/04/2023 07:48:13: 1::Client.FrontEnd::login::Server Name: ATWATER
04/04/2023 07:48:13: 1::Client.FrontEnd::login::Server PORT: 2501
04/04/2023 07:48:24: 1::Client.FrontEnd::referToSelectedMenuObj::CustomerID: ATWA1212 | MovieName: AVATAR | ServerResponse: All RMs are down
04/04/2023 07:50:39: 1::Client.FrontEnd::referToSelectedMenuObj::CustomerID: ATWA1212 | MovieName: AVATAR | ServerResponse: ATWATER 
Movie Name: AVATAR | MovieID: ATWA210323 | Seats Available: 50| Slot: Afternoon | Movie Date: 21/03/2023, 
Movie Name: AVATAR | MovieID: ATWM290323 | Seats Available: 50| Slot: Morning | Movie Date: 29/03/2023, 
Movie Name: AVATAR | MovieID: ATWA110323 | Seats Available: 50| Slot: Afternoon | Movie Date: 11/03/2023, 
Movie Name: AVATAR | MovieID: ATWA230323 | Seats Available: 50| Slot: Afternoon | Movie Date: 23/03/2023, 

VERDUN 
Movie Name: AVATAR | MovieID: VERM220323 | Seats Available: 30| Slot: Morning | Movie Date: 22/03/2023,

OUTREMONT 
Movie Name: AVATAR | MovieID: OUTE210323 | Seats Available: 30| Slot: Evening | Movie Date: 21/03/2023,

04/04/2023 07:51:04: 1::Client.FrontEnd::referToSelectedMenuObj::CustomerID: ATWA1212 | MovieName: AVATAR | ServerResponse: All RMs are down
04/04/2023 07:51:31: 1::Client.FrontEnd::login::CustomerID: ATWA1212
04/04/2023 07:51:31: 1::Client.FrontEnd::login::Server Name: ATWATER
04/04/2023 07:51:31: 1::Client.FrontEnd::login::Server PORT: 2501
04/04/2023 07:51:44: 1::Client.FrontEnd::referToSelectedMenuObj::CustomerID: ATWA1212 | MovieName: AVATAR | ServerResponse: All RMs are down
04/04/2023 07:52:08: 1::Client.FrontEnd::referToSelectedMenuObj::CustomerID: ATWA1212 | MovieName: AVATAR | ServerResponse: All RMs are down
04/04/2023 07:52:30: 1::Client.FrontEnd::login::CustomerID: ATWA1212
04/04/2023 07:52:30: 1::Client.FrontEnd::login::Server Name: ATWATER
04/04/2023 07:52:30: 1::Client.FrontEnd::login::Server PORT: 2501
04/04/2023 07:52:43: 1::Client.FrontEnd::referToSelectedMenuObj::CustomerID: ATWA1212 | MovieName: AVATAR | ServerResponse: All RMs are down
04/04/2023 09:53:44: 1::Client.FrontEnd::login::CustomerID: ATWA1212
04/04/2023 09:53:44: 1::Client.FrontEnd::login::Server Name: ATWATER
04/04/2023 09:53:44: 1::Client.FrontEnd::login::Server PORT: 2501
04/04/2023 09:53:57: 1::Client.FrontEnd::referToSelectedMenuObj::RequestParameters: 
CustomerID: ATWA1212 | MovieID: ATWA110323 | MovieName: AVATAR | Number Of Tickets: 250 | ServerResponse: Cannot add slot for already finished movie shows
04/04/2023 09:56:09: 1::Client.FrontEnd::login::CustomerID: ATWA1212
04/04/2023 09:56:09: 1::Client.FrontEnd::login::Server Name: ATWATER
04/04/2023 09:56:09: 1::Client.FrontEnd::login::Server PORT: 2501
04/04/2023 09:58:56: 1::Client.FrontEnd::login::CustomerID: ATWA1212
04/04/2023 09:58:56: 1::Client.FrontEnd::login::Server Name: ATWATER
04/04/2023 09:58:56: 1::Client.FrontEnd::login::Server PORT: 2501
04/04/2023 09:59:20: 1::Client.FrontEnd::referToSelectedMenuObj::RequestParameters: 
CustomerID: ATWA1212 | MovieID: ATWM080423 | MovieName: AVATAR | Number Of Tickets: 250 | ServerResponse: System is down
04/04/2023 10:00:20: 1::Client.FrontEnd::login::CustomerID: ATWA1212
04/04/2023 10:00:20: 1::Client.FrontEnd::login::Server Name: ATWATER
04/04/2023 10:00:20: 1::Client.FrontEnd::login::Server PORT: 2501
04/04/2023 10:00:48: 1::Client.FrontEnd::referToSelectedMenuObj::RequestParameters: 
CustomerID: ATWA1212 | MovieID: ATWM080423 | MovieName: AVATAR | Number Of Tickets: 250 | ServerResponse: System is down
04/04/2023 10:02:43: 1::Client.FrontEnd::referToSelectedMenuObj::CustomerID: ATWA1212 | MovieName: AVATAR | ServerResponse: System is down
04/04/2023 10:09:23: 1::Client.FrontEnd::login::CustomerID: ATWA1212
04/04/2023 10:09:23: 1::Client.FrontEnd::login::Server Name: ATWATER
04/04/2023 10:09:23: 1::Client.FrontEnd::login::Server PORT: 2501
04/04/2023 10:09:55: 1::Client.FrontEnd::referToSelectedMenuObj::RequestParameters: 
CustomerID: ATWA1212 | MovieID: ATWM080423 | MovieName: AVATAR | Number Of Tickets: 250 | ServerResponse: System is down
04/04/2023 10:11:32: 1::Client.FrontEnd::login::CustomerID: ATWA1212
04/04/2023 10:11:32: 1::Client.FrontEnd::login::Server Name: ATWATER
04/04/2023 10:11:32: 1::Client.FrontEnd::login::Server PORT: 2501
04/04/2023 10:12:32: 1::Client.FrontEnd::login::CustomerID: ATWA1212
04/04/2023 10:12:32: 1::Client.FrontEnd::login::Server Name: ATWATER
04/04/2023 10:12:32: 1::Client.FrontEnd::login::Server PORT: 2501
04/04/2023 10:13:35: 1::Client.FrontEnd::login::CustomerID: ATWA1212
04/04/2023 10:13:35: 1::Client.FrontEnd::login::Server Name: ATWATER
04/04/2023 10:13:35: 1::Client.FrontEnd::login::Server PORT: 2501
04/04/2023 10:13:47: 1::Client.FrontEnd::referToSelectedMenuObj::CustomerID: ATWA1212 | MovieName: AVATAR | ServerResponse: ATWATER 
Movie Name: AVATAR | MovieID: ATWM080423 | Seats Available: 550| Slot: Morning | Movie Date: 08/04/2023, 
Movie Name: AVATAR | MovieID: ATWA070423 | Seats Available: 50| Slot: Afternoon | Movie Date: 07/04/2023, 
Movie Name: AVATAR | MovieID: ATWA060423 | Seats Available: 50| Slot: Afternoon | Movie Date: 06/04/2023, 
Movie Name: AVATAR | MovieID: ATWA090423 | Seats Available: 50| Slot: Afternoon | Movie Date: 09/04/2023, 

VERDUN 
Movie Name: AVATAR | MovieID: VERM220323 | Seats Available: 30| Slot: Morning | Movie Date: 22/03/2023,

OUTREMONT 
Movie Name: AVATAR | MovieID: OUTE210323 | Seats Available: 30| Slot: Evening | Movie Date: 21/03/2023,

04/04/2023 10:16:39: 1::Client.FrontEnd::referToSelectedMenuObj::CustomerID: ATWA1212 | MovieID: ATWM080423 | MovieName: AVATAR | ServerResponse: Movie Booked Successfully
04/04/2023 10:20:57: 1::Client.FrontEnd::login::CustomerID: ATWA1212
04/04/2023 10:20:57: 1::Client.FrontEnd::login::Server Name: ATWATER
04/04/2023 10:20:57: 1::Client.FrontEnd::login::Server PORT: 2501
04/04/2023 10:21:21: 1::Client.FrontEnd::referToSelectedMenuObj::CustomerID: ATWA1212 | MovieName: AVATAR | ServerResponse: System is down
04/04/2023 10:22:11: 1::Client.FrontEnd::referToSelectedMenuObj::CustomerID: ATWA1212 | MovieName: AVATAR | ServerResponse: System is down
04/04/2023 10:23:57: 1::Client.FrontEnd::login::CustomerID: ATWA1212
04/04/2023 10:23:57: 1::Client.FrontEnd::login::Server Name: ATWATER
04/04/2023 10:23:57: 1::Client.FrontEnd::login::Server PORT: 2501
04/04/2023 10:41:15: 1::Client.FrontEnd::referToSelectedMenuObj::CustomerID: ATWA1212 | MovieName: AVATAR | ServerResponse: ATWATER 
Movie Name: AVATAR | MovieID: ATWM080423 | Seats Available: 550| Slot: Morning | Movie Date: 08/04/2023, 
Movie Name: AVATAR | MovieID: ATWA070423 | Seats Available: 50| Slot: Afternoon | Movie Date: 07/04/2023, 
Movie Name: AVATAR | MovieID: ATWA060423 | Seats Available: 50| Slot: Afternoon | Movie Date: 06/04/2023, 
Movie Name: AVATAR | MovieID: ATWA090423 | Seats Available: 47| Slot: Afternoon | Movie Date: 09/04/2023, 

VERDUN 
Movie Name: AVATAR | MovieID: VERM220323 | Seats Available: 30| Slot: Morning | Movie Date: 22/03/2023,

OUTREMONT 
Movie Name: AVATAR | MovieID: OUTE210323 | Seats Available: 30| Slot: Evening | Movie Date: 21/03/2023,

04/04/2023 11:11:47: 1::Client.FrontEnd::referToSelectedMenuObj::CustomerID: ATWA1212 | MovieName: AVATAR | ServerResponse: ATWATER 
Movie Name: AVATAR | MovieID: ATWM080423 | Seats Available: 550| Slot: Morning | Movie Date: 08/04/2023, 
Movie Name: AVATAR | MovieID: ATWA070423 | Seats Available: 50| Slot: Afternoon | Movie Date: 07/04/2023, 
Movie Name: AVATAR | MovieID: ATWA060423 | Seats Available: 50| Slot: Afternoon | Movie Date: 06/04/2023, 
Movie Name: AVATAR | MovieID: ATWA090423 | Seats Available: 47| Slot: Afternoon | Movie Date: 09/04/2023, 

VERDUN 
Movie Name: AVATAR | MovieID: VERM220323 | Seats Available: 30| Slot: Morning | Movie Date: 22/03/2023,

OUTREMONT 
Movie Name: AVATAR | MovieID: OUTE210323 | Seats Available: 30| Slot: Evening | Movie Date: 21/03/2023,

04/04/2023 11:22:25: 1::Client.FrontEnd::login::CustomerID: ATWA1212
04/04/2023 11:22:25: 1::Client.FrontEnd::login::Server Name: ATWATER
04/04/2023 11:22:25: 1::Client.FrontEnd::login::Server PORT: 2501
04/04/2023 11:23:14: 1::Client.FrontEnd::referToSelectedMenuObj::RequestParameters: 
CustomerID: ATWA1212 | MovieID: ATWM080423 | MovieName: AVATAR | Number Of Tickets: 250 | ServerResponse: Movie slot updated successfully
04/04/2023 11:23:29: 1::Client.FrontEnd::referToSelectedMenuObj::CustomerID: ATWA1212 | MovieName: AVATAR | ServerResponse: ATWATER 
Movie Name: AVATAR | MovieID: ATWM080423 | Seats Available: 300| Slot: Morning | Movie Date: 08/04/2023, 
Movie Name: AVATAR | MovieID: ATWA070423 | Seats Available: 50| Slot: Afternoon | Movie Date: 07/04/2023, 
Movie Name: AVATAR | MovieID: ATWA060423 | Seats Available: 50| Slot: Afternoon | Movie Date: 06/04/2023, 
Movie Name: AVATAR | MovieID: ATWA090423 | Seats Available: 50| Slot: Afternoon | Movie Date: 09/04/2023, 

VERDUN 
Movie Name: AVATAR | MovieID: VERM220323 | Seats Available: 30| Slot: Morning | Movie Date: 22/03/2023,

OUTREMONT 
Movie Name: AVATAR | MovieID: OUTE210323 | Seats Available: 30| Slot: Evening | Movie Date: 21/03/2023,

04/04/2023 11:23:57: 1::Client.FrontEnd::referToSelectedMenuObj::CustomerID: ATWA1212 | MovieID: ATWM080423 | MovieName: AVATAR | ServerResponse: Movie Booked Successfully
04/04/2023 11:24:47: 1::Client.FrontEnd::referToSelectedMenuObj::CustomerID: ATWA1212 | MovieName: AVATAR | ServerResponse: ATWATER 
Movie Name: AVATAR | MovieID: ATWM080423 | Seats Available: 300| Slot: Morning | Movie Date: 08/04/2023, 
Movie Name: AVATAR | MovieID: ATWA070423 | Seats Available: 50| Slot: Afternoon | Movie Date: 07/04/2023, 
Movie Name: AVATAR | MovieID: ATWA060423 | Seats Available: 50| Slot: Afternoon | Movie Date: 06/04/2023, 
Movie Name: AVATAR | MovieID: ATWA090423 | Seats Available: 47| Slot: Afternoon | Movie Date: 09/04/2023, 

VERDUN 
Movie Name: AVATAR | MovieID: VERM220323 | Seats Available: 30| Slot: Morning | Movie Date: 22/03/2023,

OUTREMONT 
Movie Name: AVATAR | MovieID: OUTE210323 | Seats Available: 30| Slot: Evening | Movie Date: 21/03/2023,

04/04/2023 11:28:40: 1::Client.FrontEnd::login::CustomerID: ATWA1212
04/04/2023 11:28:40: 1::Client.FrontEnd::login::Server Name: ATWATER
04/04/2023 11:28:40: 1::Client.FrontEnd::login::Server PORT: 2501
04/04/2023 11:29:12: 1::Client.FrontEnd::referToSelectedMenuObj::CustomerID: ATWA1212 | MovieID: ATWM080423 | MovieName: AVATAR | ServerResponse: System is down
04/04/2023 11:29:40: 1::Client.FrontEnd::referToSelectedMenuObj::CustomerID: ATWA1212 | MovieName: AVATAR | ServerResponse: ATWATER 
Movie Name: AVATAR | MovieID: ATWM080423 | Seats Available: 300| Slot: Morning | Movie Date: 08/04/2023, 
Movie Name: AVATAR | MovieID: ATWA070423 | Seats Available: 50| Slot: Afternoon | Movie Date: 07/04/2023, 
Movie Name: AVATAR | MovieID: ATWA060423 | Seats Available: 50| Slot: Afternoon | Movie Date: 06/04/2023, 
Movie Name: AVATAR | MovieID: ATWA090423 | Seats Available: 44| Slot: Afternoon | Movie Date: 09/04/2023, 

VERDUN 
Movie Name: AVATAR | MovieID: VERM220323 | Seats Available: 30| Slot: Morning | Movie Date: 22/03/2023,

OUTREMONT 
Movie Name: AVATAR | MovieID: OUTE210323 | Seats Available: 30| Slot: Evening | Movie Date: 21/03/2023,

04/04/2023 11:31:32: 1::Client.FrontEnd::referToSelectedMenuObj::CustomerID: ATWA1212 | MovieName: AVATAR | ServerResponse: ATWATER 
Movie Name: AVATAR | MovieID: ATWM080423 | Seats Available: 300| Slot: Morning | Movie Date: 08/04/2023, 
Movie Name: AVATAR | MovieID: ATWA070423 | Seats Available: 50| Slot: Afternoon | Movie Date: 07/04/2023, 
Movie Name: AVATAR | MovieID: ATWA060423 | Seats Available: 50| Slot: Afternoon | Movie Date: 06/04/2023, 
Movie Name: AVATAR | MovieID: ATWA090423 | Seats Available: 44| Slot: Afternoon | Movie Date: 09/04/2023, 

VERDUN 
Movie Name: AVATAR | MovieID: VERM220323 | Seats Available: 30| Slot: Morning | Movie Date: 22/03/2023,

OUTREMONT 
Movie Name: AVATAR | MovieID: OUTE210323 | Seats Available: 30| Slot: Evening | Movie Date: 21/03/2023,

04/04/2023 11:32:53: 1::Client.FrontEnd::login::CustomerID: ATWA1212
04/04/2023 11:32:53: 1::Client.FrontEnd::login::Server Name: ATWATER
04/04/2023 11:32:53: 1::Client.FrontEnd::login::Server PORT: 2501
04/04/2023 11:33:05: 1::Client.FrontEnd::referToSelectedMenuObj::CustomerID: ATWA1212 | MovieName: AVATAR | ServerResponse: System is down
04/04/2023 11:33:44: 1::Client.FrontEnd::login::CustomerID: ATWA1212
04/04/2023 11:33:44: 1::Client.FrontEnd::login::Server Name: ATWATER
04/04/2023 11:33:44: 1::Client.FrontEnd::login::Server PORT: 2501
04/04/2023 11:33:56: 1::Client.FrontEnd::referToSelectedMenuObj::CustomerID: ATWA1212 | MovieName: AVATAR | ServerResponse: System is down
04/04/2023 11:35:53: 1::Client.FrontEnd::login::CustomerID: ATWA1212
04/04/2023 11:35:53: 1::Client.FrontEnd::login::Server Name: ATWATER
04/04/2023 11:35:53: 1::Client.FrontEnd::login::Server PORT: 2501
04/04/2023 11:36:05: 1::Client.FrontEnd::referToSelectedMenuObj::CustomerID: ATWA1212 | MovieName: AVATAR | ServerResponse: System is down
04/04/2023 11:39:45: 1::Client.FrontEnd::login::CustomerID: ATWA1212
04/04/2023 11:39:45: 1::Client.FrontEnd::login::Server Name: ATWATER
04/04/2023 11:39:45: 1::Client.FrontEnd::login::Server PORT: 2501
04/04/2023 11:40:52: 1::Client.FrontEnd::referToSelectedMenuObj::CustomerID: ATWA1212 | MovieName: AVATAR | ServerResponse: System is down
04/04/2023 11:44:40: 1::Client.FrontEnd::login::CustomerID: ATWA1212
04/04/2023 11:44:40: 1::Client.FrontEnd::login::Server Name: ATWATER
04/04/2023 11:44:40: 1::Client.FrontEnd::login::Server PORT: 2501
04/04/2023 11:44:52: 1::Client.FrontEnd::referToSelectedMenuObj::CustomerID: ATWA1212 | MovieName: AVATAR | ServerResponse: System is down
04/04/2023 11:48:20: 1::Client.FrontEnd::referToSelectedMenuObj::CustomerID: ATWA1212 | MovieName: AVATAR | ServerResponse: System is down
04/04/2023 11:54:34: 1::Client.FrontEnd::login::CustomerID: ATWA1212
04/04/2023 11:54:34: 1::Client.FrontEnd::login::Server Name: ATWATER
04/04/2023 11:54:34: 1::Client.FrontEnd::login::Server PORT: 2501
04/04/2023 11:54:46: 1::Client.FrontEnd::referToSelectedMenuObj::CustomerID: ATWA1212 | MovieName: AVATAR | ServerResponse: System is down
04/04/2023 11:56:10: 1::Client.FrontEnd::login::CustomerID: ATWA1212
04/04/2023 11:56:10: 1::Client.FrontEnd::login::Server Name: ATWATER
04/04/2023 11:56:10: 1::Client.FrontEnd::login::Server PORT: 2501
04/04/2023 11:56:22: 1::Client.FrontEnd::referToSelectedMenuObj::CustomerID: ATWA1212 | MovieName: AVATAR | ServerResponse: ATWATER 
Movie Name: AVATAR | MovieID: ATWM080423 | Seats Available: 50| Slot: Morning | Movie Date: 08/04/2023, 
Movie Name: AVATAR | MovieID: ATWA070423 | Seats Available: 50| Slot: Afternoon | Movie Date: 07/04/2023, 
Movie Name: AVATAR | MovieID: ATWA060423 | Seats Available: 50| Slot: Afternoon | Movie Date: 06/04/2023, 
Movie Name: AVATAR | MovieID: ATWA090423 | Seats Available: 50| Slot: Afternoon | Movie Date: 09/04/2023, 

VERDUN 
Movie Name: AVATAR | MovieID: VERM220323 | Seats Available: 30| Slot: Morning | Movie Date: 22/03/2023,

OUTREMONT 
Movie Name: AVATAR | MovieID: OUTE210323 | Seats Available: 30| Slot: Evening | Movie Date: 21/03/2023,

04/04/2023 11:57:56: 1::Client.FrontEnd::referToSelectedMenuObj::CustomerID: ATWA1212 | MovieID: ATWM080423 | MovieName: AVATAR | ServerResponse: Movie Booked Successfully
04/04/2023 11:58:32: 1::Client.FrontEnd::referToSelectedMenuObj::CustomerID: ATWA1212 | MovieName: AVATAR | ServerResponse: ATWATER 
Movie Name: AVATAR | MovieID: ATWM080423 | Seats Available: 50| Slot: Morning | Movie Date: 08/04/2023, 
Movie Name: AVATAR | MovieID: ATWA070423 | Seats Available: 50| Slot: Afternoon | Movie Date: 07/04/2023, 
Movie Name: AVATAR | MovieID: ATWA060423 | Seats Available: 50| Slot: Afternoon | Movie Date: 06/04/2023, 
Movie Name: AVATAR | MovieID: ATWA090423 | Seats Available: 47| Slot: Afternoon | Movie Date: 09/04/2023, 

VERDUN 
Movie Name: AVATAR | MovieID: VERM220323 | Seats Available: 30| Slot: Morning | Movie Date: 22/03/2023,

OUTREMONT 
Movie Name: AVATAR | MovieID: OUTE210323 | Seats Available: 30| Slot: Evening | Movie Date: 21/03/2023,

05/04/2023 12:08:13: 1::Client.FrontEnd::login::CustomerID: ATWA1212
05/04/2023 12:08:13: 1::Client.FrontEnd::login::Server Name: ATWATER
05/04/2023 12:08:13: 1::Client.FrontEnd::login::Server PORT: 2501
05/04/2023 12:08:26: 1::Client.FrontEnd::referToSelectedMenuObj::CustomerID: ATWA1212 | MovieID: ATWM080423 | MovieName: AVATAR | ServerResponse: Movie Booked Successfully
05/04/2023 12:08:39: 1::Client.FrontEnd::referToSelectedMenuObj::CustomerID: ATWA1212 | MovieName: AVATAR | ServerResponse: ATWATER 
Movie Name: AVATAR | MovieID: ATWM080423 | Seats Available: 50| Slot: Morning | Movie Date: 08/04/2023, 
Movie Name: AVATAR | MovieID: ATWA070423 | Seats Available: 50| Slot: Afternoon | Movie Date: 07/04/2023, 
Movie Name: AVATAR | MovieID: ATWA060423 | Seats Available: 50| Slot: Afternoon | Movie Date: 06/04/2023, 
Movie Name: AVATAR | MovieID: ATWA090423 | Seats Available: 47| Slot: Afternoon | Movie Date: 09/04/2023, 

VERDUN 
Movie Name: AVATAR | MovieID: VERM220323 | Seats Available: 30| Slot: Morning | Movie Date: 22/03/2023,

OUTREMONT 
Movie Name: AVATAR | MovieID: OUTE210323 | Seats Available: 30| Slot: Evening | Movie Date: 21/03/2023,

05/04/2023 12:11:32: 1::Client.FrontEnd::referToSelectedMenuObj::CustomerID: ATWA1212 | MovieName: AVATAR | ServerResponse: ATWATER 
Movie Name: AVATAR | MovieID: ATWM080423 | Seats Available: 50| Slot: Morning | Movie Date: 08/04/2023, 
Movie Name: AVATAR | MovieID: ATWA070423 | Seats Available: 50| Slot: Afternoon | Movie Date: 07/04/2023, 
Movie Name: AVATAR | MovieID: ATWA060423 | Seats Available: 50| Slot: Afternoon | Movie Date: 06/04/2023, 
Movie Name: AVATAR | MovieID: ATWA090423 | Seats Available: 47| Slot: Afternoon | Movie Date: 09/04/2023, 

VERDUN 
Movie Name: AVATAR | MovieID: VERM220323 | Seats Available: 30| Slot: Morning | Movie Date: 22/03/2023,

OUTREMONT 
Movie Name: AVATAR | MovieID: OUTE210323 | Seats Available: 30| Slot: Evening | Movie Date: 21/03/2023,

05/04/2023 12:12:31: 1::Client.FrontEnd::referToSelectedMenuObj::CustomerID: ATWA1212 | MovieName: AVATAR | ServerResponse: ATWATER 
Movie Name: AVATAR | MovieID: ATWM080423 | Seats Available: 50| Slot: Morning | Movie Date: 08/04/2023, 
Movie Name: AVATAR | MovieID: ATWA070423 | Seats Available: 50| Slot: Afternoon | Movie Date: 07/04/2023, 
Movie Name: AVATAR | MovieID: ATWA060423 | Seats Available: 50| Slot: Afternoon | Movie Date: 06/04/2023, 
Movie Name: AVATAR | MovieID: ATWA090423 | Seats Available: 47| Slot: Afternoon | Movie Date: 09/04/2023, 

VERDUN 
Movie Name: AVATAR | MovieID: VERM220323 | Seats Available: 30| Slot: Morning | Movie Date: 22/03/2023,

OUTREMONT 
Movie Name: AVATAR | MovieID: OUTE210323 | Seats Available: 30| Slot: Evening | Movie Date: 21/03/2023,

05/04/2023 12:13:42: 1::Client.FrontEnd::login::CustomerID: ATWA1212
05/04/2023 12:13:42: 1::Client.FrontEnd::login::Server Name: ATWATER
05/04/2023 12:13:42: 1::Client.FrontEnd::login::Server PORT: 2501
05/04/2023 12:14:14: 1::Client.FrontEnd::referToSelectedMenuObj::CustomerID: ATWA1212 | MovieID: ATWM080423 | MovieName: AVATAR | ServerResponse: Movie Booked Successfully
05/04/2023 12:17:34: 1::Client.FrontEnd::referToSelectedMenuObj::CustomerID: ATWA1212 | MovieName: AVATAR | ServerResponse: ATWATER 
Movie Name: AVATAR | MovieID: ATWM080423 | Seats Available: 50| Slot: Morning | Movie Date: 08/04/2023, 
Movie Name: AVATAR | MovieID: ATWA070423 | Seats Available: 50| Slot: Afternoon | Movie Date: 07/04/2023, 
Movie Name: AVATAR | MovieID: ATWA060423 | Seats Available: 50| Slot: Afternoon | Movie Date: 06/04/2023, 
Movie Name: AVATAR | MovieID: ATWA090423 | Seats Available: 47| Slot: Afternoon | Movie Date: 09/04/2023, 

VERDUN 
Movie Name: AVATAR | MovieID: VERM220323 | Seats Available: 30| Slot: Morning | Movie Date: 22/03/2023,

OUTREMONT 
Movie Name: AVATAR | MovieID: OUTE210323 | Seats Available: 30| Slot: Evening | Movie Date: 21/03/2023,

05/04/2023 12:17:57: 1::Client.FrontEnd::referToSelectedMenuObj::CustomerID: ATWA1212 | MovieName: AVATAR | ServerResponse: ATWATER 
Movie Name: AVATAR | MovieID: ATWM080423 | Seats Available: 50| Slot: Morning | Movie Date: 08/04/2023, 
Movie Name: AVATAR | MovieID: ATWA070423 | Seats Available: 50| Slot: Afternoon | Movie Date: 07/04/2023, 
Movie Name: AVATAR | MovieID: ATWA060423 | Seats Available: 50| Slot: Afternoon | Movie Date: 06/04/2023, 
Movie Name: AVATAR | MovieID: ATWA090423 | Seats Available: 47| Slot: Afternoon | Movie Date: 09/04/2023, 

VERDUN 
Movie Name: AVATAR | MovieID: VERM220323 | Seats Available: 30| Slot: Morning | Movie Date: 22/03/2023,

OUTREMONT 
Movie Name: AVATAR | MovieID: OUTE210323 | Seats Available: 30| Slot: Evening | Movie Date: 21/03/2023,

05/04/2023 12:20:25: 1::Client.FrontEnd::referToSelectedMenuObj::CustomerID: ATWA1212 | MovieName: AVATAR | ServerResponse: ATWATER 
Movie Name: AVATAR | MovieID: ATWM080423 | Seats Available: 50| Slot: Morning | Movie Date: 08/04/2023, 
Movie Name: AVATAR | MovieID: ATWA070423 | Seats Available: 50| Slot: Afternoon | Movie Date: 07/04/2023, 
Movie Name: AVATAR | MovieID: ATWA060423 | Seats Available: 50| Slot: Afternoon | Movie Date: 06/04/2023, 
Movie Name: AVATAR | MovieID: ATWA090423 | Seats Available: 47| Slot: Afternoon | Movie Date: 09/04/2023, 

VERDUN 
Movie Name: AVATAR | MovieID: VERM220323 | Seats Available: 30| Slot: Morning | Movie Date: 22/03/2023,

OUTREMONT 
Movie Name: AVATAR | MovieID: OUTE210323 | Seats Available: 30| Slot: Evening | Movie Date: 21/03/2023,

05/04/2023 12:21:02: 1::Client.FrontEnd::referToSelectedMenuObj::CustomerID: ATWA1212 | MovieName: AVATAR | ServerResponse: System is down
05/04/2023 12:21:23: 1::Client.FrontEnd::referToSelectedMenuObj::CustomerID: ATWA1212 | MovieName: AVATAR | ServerResponse: ATWATER 
Movie Name: AVATAR | MovieID: ATWM080423 | Seats Available: 50| Slot: Morning | Movie Date: 08/04/2023, 
Movie Name: AVATAR | MovieID: ATWA070423 | Seats Available: 50| Slot: Afternoon | Movie Date: 07/04/2023, 
Movie Name: AVATAR | MovieID: ATWA060423 | Seats Available: 50| Slot: Afternoon | Movie Date: 06/04/2023, 
Movie Name: AVATAR | MovieID: ATWA090423 | Seats Available: 47| Slot: Afternoon | Movie Date: 09/04/2023, 

VERDUN 
Movie Name: AVATAR | MovieID: VERM220323 | Seats Available: 30| Slot: Morning | Movie Date: 22/03/2023,

OUTREMONT 
Movie Name: AVATAR | MovieID: OUTE210323 | Seats Available: 30| Slot: Evening | Movie Date: 21/03/2023,

05/04/2023 03:32:04: 1::Client.FrontEnd::login::CustomerID: ATWA1212
05/04/2023 03:32:04: 1::Client.FrontEnd::login::Server Name: ATWATER
05/04/2023 03:32:04: 1::Client.FrontEnd::login::Server PORT: 2501
05/04/2023 03:32:19: 1::Client.FrontEnd::referToSelectedMenuObj::CustomerID: ATWA1212 | MovieID: ATWM060423 | MovieName: AVATAR | ServerResponse: Movie does not exist
05/04/2023 03:35:20: 1::Client.FrontEnd::login::CustomerID: ATWA1212
05/04/2023 03:35:20: 1::Client.FrontEnd::login::Server Name: ATWATER
05/04/2023 03:35:20: 1::Client.FrontEnd::login::Server PORT: 2501
05/04/2023 03:35:38: 1::Client.FrontEnd::referToSelectedMenuObj::CustomerID: ATWA1212 | MovieID: ATWA060423 | MovieName: AVATAR | ServerResponse: Movie deleted successfully
05/04/2023 03:35:58: 1::Client.FrontEnd::referToSelectedMenuObj::CustomerID: ATWA1212 | MovieName: AVATAR | ServerResponse: ATWATER 
Movie Name: AVATAR | MovieID: ATWM080423 | Seats Available: 50| Slot: Morning | Movie Date: 08/04/2023, 
Movie Name: AVATAR | MovieID: ATWA070423 | Seats Available: 50| Slot: Afternoon | Movie Date: 07/04/2023, 
Movie Name: AVATAR | MovieID: ATWA090423 | Seats Available: 50| Slot: Afternoon | Movie Date: 09/04/2023, 

VERDUN 
Movie Name: AVATAR | MovieID: VERM220323 | Seats Available: 30| Slot: Morning | Movie Date: 22/03/2023,

OUTREMONT 
Movie Name: AVATAR | MovieID: OUTE210323 | Seats Available: 30| Slot: Evening | Movie Date: 21/03/2023,

05/04/2023 03:36:15: 1::Client.FrontEnd::referToSelectedMenuObj::CustomerID: ATWA1212 | MovieName: AVATAR | ServerResponse: ATWATER 
Movie Name: AVATAR | MovieID: ATWM080423 | Seats Available: 50| Slot: Morning | Movie Date: 08/04/2023, 
Movie Name: AVATAR | MovieID: ATWA070423 | Seats Available: 50| Slot: Afternoon | Movie Date: 07/04/2023, 
Movie Name: AVATAR | MovieID: ATWA090423 | Seats Available: 50| Slot: Afternoon | Movie Date: 09/04/2023, 

VERDUN 
Movie Name: AVATAR | MovieID: VERM220323 | Seats Available: 30| Slot: Morning | Movie Date: 22/03/2023,

OUTREMONT 
Movie Name: AVATAR | MovieID: OUTE210323 | Seats Available: 30| Slot: Evening | Movie Date: 21/03/2023,

05/04/2023 03:40:22: 1::Client.FrontEnd::login::CustomerID: ATWA1212
05/04/2023 03:40:22: 1::Client.FrontEnd::login::Server Name: ATWATER
05/04/2023 03:40:22: 1::Client.FrontEnd::login::Server PORT: 2501
05/04/2023 03:40:50: 1::Client.FrontEnd::referToSelectedMenuObj::CustomerID: ATWA1212 | MovieID: ATWA060423 | MovieName: AVATAR | ServerResponse: Movie deleted successfully
05/04/2023 03:41:05: 1::Client.FrontEnd::referToSelectedMenuObj::CustomerID: ATWA1212 | MovieName: AVATAR | ServerResponse: ATWATER 
Movie Name: AVATAR | MovieID: ATWM080423 | Seats Available: 50| Slot: Morning | Movie Date: 08/04/2023, 
Movie Name: AVATAR | MovieID: ATWA070423 | Seats Available: 50| Slot: Afternoon | Movie Date: 07/04/2023, 
Movie Name: AVATAR | MovieID: ATWA090423 | Seats Available: 50| Slot: Afternoon | Movie Date: 09/04/2023, 

VERDUN 
Movie Name: AVATAR | MovieID: VERM220323 | Seats Available: 30| Slot: Morning | Movie Date: 22/03/2023,

OUTREMONT 
Movie Name: AVATAR | MovieID: OUTE210323 | Seats Available: 30| Slot: Evening | Movie Date: 21/03/2023,

05/04/2023 03:41:19: 1::Client.FrontEnd::referToSelectedMenuObj::CustomerID: ATWA1212 | MovieName: AVATAR | ServerResponse: ATWATER 
Movie Name: AVATAR | MovieID: ATWM080423 | Seats Available: 50| Slot: Morning | Movie Date: 08/04/2023, 
Movie Name: AVATAR | MovieID: ATWA070423 | Seats Available: 50| Slot: Afternoon | Movie Date: 07/04/2023, 
Movie Name: AVATAR | MovieID: ATWA090423 | Seats Available: 50| Slot: Afternoon | Movie Date: 09/04/2023, 

VERDUN 
Movie Name: AVATAR | MovieID: VERM220323 | Seats Available: 30| Slot: Morning | Movie Date: 22/03/2023,

OUTREMONT 
Movie Name: AVATAR | MovieID: OUTE210323 | Seats Available: 30| Slot: Evening | Movie Date: 21/03/2023,

05/04/2023 03:41:37: 1::Client.FrontEnd::referToSelectedMenuObj::CustomerID: ATWA1212 | MovieName: AVATAR | ServerResponse: ATWATER 
Movie Name: AVATAR | MovieID: ATWM080423 | Seats Available: 50| Slot: Morning | Movie Date: 08/04/2023, 
Movie Name: AVATAR | MovieID: ATWA070423 | Seats Available: 50| Slot: Afternoon | Movie Date: 07/04/2023, 
Movie Name: AVATAR | MovieID: ATWA090423 | Seats Available: 50| Slot: Afternoon | Movie Date: 09/04/2023, 

VERDUN 
Movie Name: AVATAR | MovieID: VERM220323 | Seats Available: 30| Slot: Morning | Movie Date: 22/03/2023,

OUTREMONT 
Movie Name: AVATAR | MovieID: OUTE210323 | Seats Available: 30| Slot: Evening | Movie Date: 21/03/2023,

05/04/2023 03:41:53: 1::Client.FrontEnd::referToSelectedMenuObj::CustomerID: ATWA1212 | MovieName: AVATAR | ServerResponse: ATWATER 
Movie Name: AVATAR | MovieID: ATWM080423 | Seats Available: 50| Slot: Morning | Movie Date: 08/04/2023, 
Movie Name: AVATAR | MovieID: ATWA070423 | Seats Available: 50| Slot: Afternoon | Movie Date: 07/04/2023, 
Movie Name: AVATAR | MovieID: ATWA090423 | Seats Available: 50| Slot: Afternoon | Movie Date: 09/04/2023, 

VERDUN 
Movie Name: AVATAR | MovieID: VERM220323 | Seats Available: 30| Slot: Morning | Movie Date: 22/03/2023,

OUTREMONT 
Movie Name: AVATAR | MovieID: OUTE210323 | Seats Available: 30| Slot: Evening | Movie Date: 21/03/2023,

05/04/2023 03:45:15: 1::Client.FrontEnd::login::CustomerID: ATWA1212
05/04/2023 03:45:15: 1::Client.FrontEnd::login::Server Name: ATWATER
05/04/2023 03:45:15: 1::Client.FrontEnd::login::Server PORT: 2501
05/04/2023 03:45:28: 1::Client.FrontEnd::referToSelectedMenuObj::CustomerID: ATWA1212 | MovieName: AVATAR | ServerResponse: ATWATER 
Movie Name: AVATAR | MovieID: ATWM080423 | Seats Available: 50| Slot: Morning | Movie Date: 08/04/2023, 
Movie Name: AVATAR | MovieID: ATWA070423 | Seats Available: 50| Slot: Afternoon | Movie Date: 07/04/2023, 
Movie Name: AVATAR | MovieID: ATWA090423 | Seats Available: 50| Slot: Afternoon | Movie Date: 09/04/2023, 

VERDUN 
Movie Name: AVATAR | MovieID: VERM220323 | Seats Available: 30| Slot: Morning | Movie Date: 22/03/2023,

OUTREMONT 
Movie Name: AVATAR | MovieID: OUTE210323 | Seats Available: 30| Slot: Evening | Movie Date: 21/03/2023,

05/04/2023 03:48:13: 1::Client.FrontEnd::referToSelectedMenuObj::CustomerID: ATWA1212 | MovieID: ATWA060423 | MovieName: AVATAR | ServerResponse: System is down
05/04/2023 03:48:51: 1::Client.FrontEnd::login::CustomerID: ATWA1212
05/04/2023 03:48:51: 1::Client.FrontEnd::login::Server Name: ATWATER
05/04/2023 03:48:51: 1::Client.FrontEnd::login::Server PORT: 2501
05/04/2023 03:49:04: 1::Client.FrontEnd::referToSelectedMenuObj::CustomerID: ATWA1212 | MovieID: ATWA060423 | MovieName: AVATAR | ServerResponse: Movie does not exist
05/04/2023 03:50:44: 1::Client.FrontEnd::login::CustomerID: ATWA1212
05/04/2023 03:50:44: 1::Client.FrontEnd::login::Server Name: ATWATER
05/04/2023 03:50:44: 1::Client.FrontEnd::login::Server PORT: 2501
05/04/2023 03:51:06: 1::Client.FrontEnd::referToSelectedMenuObj::CustomerID: ATWA1212 | MovieID: ATWA060423 | MovieName: AVATAR | ServerResponse: Movie deleted successfully
05/04/2023 03:51:21: 1::Client.FrontEnd::referToSelectedMenuObj::CustomerID: ATWA1212 | MovieName: AVATAR | ServerResponse: ATWATER 
Movie Name: AVATAR | MovieID: ATWM080423 | Seats Available: 50| Slot: Morning | Movie Date: 08/04/2023, 
Movie Name: AVATAR | MovieID: ATWA070423 | Seats Available: 50| Slot: Afternoon | Movie Date: 07/04/2023, 
Movie Name: AVATAR | MovieID: ATWA090423 | Seats Available: 50| Slot: Afternoon | Movie Date: 09/04/2023, 

VERDUN 
Movie Name: AVATAR | MovieID: VERM220323 | Seats Available: 30| Slot: Morning | Movie Date: 22/03/2023,

OUTREMONT 
Movie Name: AVATAR | MovieID: OUTE210323 | Seats Available: 30| Slot: Evening | Movie Date: 21/03/2023,

05/04/2023 03:51:37: 1::Client.FrontEnd::referToSelectedMenuObj::CustomerID: ATWA1212 | MovieName: AVATAR | ServerResponse: ATWATER 
Movie Name: AVATAR | MovieID: ATWM080423 | Seats Available: 50| Slot: Morning | Movie Date: 08/04/2023, 
Movie Name: AVATAR | MovieID: ATWA070423 | Seats Available: 50| Slot: Afternoon | Movie Date: 07/04/2023, 
Movie Name: AVATAR | MovieID: ATWA090423 | Seats Available: 50| Slot: Afternoon | Movie Date: 09/04/2023, 

VERDUN 
Movie Name: AVATAR | MovieID: VERM220323 | Seats Available: 30| Slot: Morning | Movie Date: 22/03/2023,

OUTREMONT 
Movie Name: AVATAR | MovieID: OUTE210323 | Seats Available: 30| Slot: Evening | Movie Date: 21/03/2023,

05/04/2023 03:51:50: 1::Client.FrontEnd::referToSelectedMenuObj::CustomerID: ATWA1212 | MovieName: AVATAR | ServerResponse: ATWATER 
Movie Name: AVATAR | MovieID: ATWM080423 | Seats Available: 50| Slot: Morning | Movie Date: 08/04/2023, 
Movie Name: AVATAR | MovieID: ATWA070423 | Seats Available: 50| Slot: Afternoon | Movie Date: 07/04/2023, 
Movie Name: AVATAR | MovieID: ATWA090423 | Seats Available: 50| Slot: Afternoon | Movie Date: 09/04/2023, 

VERDUN 
Movie Name: AVATAR | MovieID: VERM220323 | Seats Available: 30| Slot: Morning | Movie Date: 22/03/2023,

OUTREMONT 
Movie Name: AVATAR | MovieID: OUTE210323 | Seats Available: 30| Slot: Evening | Movie Date: 21/03/2023,

05/04/2023 03:52:40: 1::Client.FrontEnd::referToSelectedMenuObj::CustomerID: ATWA1212 | MovieName: AVATAR | ServerResponse: System is down
05/04/2023 03:53:27: 1::Client.FrontEnd::referToSelectedMenuObj::CustomerID: ATWA1212 | MovieName: AVATAR | ServerResponse: System is down
05/04/2023 03:54:04: 1::Client.FrontEnd::referToSelectedMenuObj::CustomerID: ATWA1212 | MovieName: AVATAR | ServerResponse: ATWATER 
Movie Name: AVATAR | MovieID: ATWM080423 | Seats Available: 50| Slot: Morning | Movie Date: 08/04/2023, 
Movie Name: AVATAR | MovieID: ATWA070423 | Seats Available: 50| Slot: Afternoon | Movie Date: 07/04/2023, 
Movie Name: AVATAR | MovieID: ATWA090423 | Seats Available: 50| Slot: Afternoon | Movie Date: 09/04/2023, 

VERDUN 
Movie Name: AVATAR | MovieID: VERM220323 | Seats Available: 30| Slot: Morning | Movie Date: 22/03/2023,

OUTREMONT 
Movie Name: AVATAR | MovieID: OUTE210323 | Seats Available: 30| Slot: Evening | Movie Date: 21/03/2023,

05/04/2023 03:57:27: 1::Client.FrontEnd::login::CustomerID: ATWA1212
05/04/2023 03:57:27: 1::Client.FrontEnd::login::Server Name: ATWATER
05/04/2023 03:57:27: 1::Client.FrontEnd::login::Server PORT: 2501
05/04/2023 03:58:00: 1::Client.FrontEnd::referToSelectedMenuObj::CustomerID: ATWA1212 | MovieID: ATWA060423 | MovieName: AVATAR | ServerResponse: Movie deleted successfully
05/04/2023 03:58:12: 1::Client.FrontEnd::referToSelectedMenuObj::CustomerID: ATWA1212 | MovieName: AVATAR | ServerResponse: ATWATER 
Movie Name: AVATAR | MovieID: ATWM080423 | Seats Available: 50| Slot: Morning | Movie Date: 08/04/2023, 
Movie Name: AVATAR | MovieID: ATWA070423 | Seats Available: 50| Slot: Afternoon | Movie Date: 07/04/2023, 
Movie Name: AVATAR | MovieID: ATWA090423 | Seats Available: 50| Slot: Afternoon | Movie Date: 09/04/2023, 

VERDUN 
Movie Name: AVATAR | MovieID: VERM220323 | Seats Available: 30| Slot: Morning | Movie Date: 22/03/2023,

OUTREMONT 
Movie Name: AVATAR | MovieID: OUTE210323 | Seats Available: 30| Slot: Evening | Movie Date: 21/03/2023,

05/04/2023 03:58:25: 1::Client.FrontEnd::referToSelectedMenuObj::CustomerID: ATWA1212 | MovieName: AVATAR | ServerResponse: ATWATER 
Movie Name: AVATAR | MovieID: ATWM080423 | Seats Available: 50| Slot: Morning | Movie Date: 08/04/2023, 
Movie Name: AVATAR | MovieID: ATWA070423 | Seats Available: 50| Slot: Afternoon | Movie Date: 07/04/2023, 
Movie Name: AVATAR | MovieID: ATWA090423 | Seats Available: 50| Slot: Afternoon | Movie Date: 09/04/2023, 

VERDUN 
Movie Name: AVATAR | MovieID: VERM220323 | Seats Available: 30| Slot: Morning | Movie Date: 22/03/2023,

OUTREMONT 
Movie Name: AVATAR | MovieID: OUTE210323 | Seats Available: 30| Slot: Evening | Movie Date: 21/03/2023,

05/04/2023 03:58:38: 1::Client.FrontEnd::referToSelectedMenuObj::CustomerID: ATWA1212 | MovieName: AVATAR | ServerResponse: ATWATER 
Movie Name: AVATAR | MovieID: ATWM080423 | Seats Available: 50| Slot: Morning | Movie Date: 08/04/2023, 
Movie Name: AVATAR | MovieID: ATWA070423 | Seats Available: 50| Slot: Afternoon | Movie Date: 07/04/2023, 
Movie Name: AVATAR | MovieID: ATWA090423 | Seats Available: 50| Slot: Afternoon | Movie Date: 09/04/2023, 

VERDUN 
Movie Name: AVATAR | MovieID: VERM220323 | Seats Available: 30| Slot: Morning | Movie Date: 22/03/2023,

OUTREMONT 
Movie Name: AVATAR | MovieID: OUTE210323 | Seats Available: 30| Slot: Evening | Movie Date: 21/03/2023,

05/04/2023 03:58:51: 1::Client.FrontEnd::referToSelectedMenuObj::CustomerID: ATWA1212 | MovieName: AVATAR | ServerResponse: ATWATER 
Movie Name: AVATAR | MovieID: ATWM080423 | Seats Available: 50| Slot: Morning | Movie Date: 08/04/2023, 
Movie Name: AVATAR | MovieID: ATWA070423 | Seats Available: 50| Slot: Afternoon | Movie Date: 07/04/2023, 
Movie Name: AVATAR | MovieID: ATWA090423 | Seats Available: 50| Slot: Afternoon | Movie Date: 09/04/2023, 

VERDUN 
Movie Name: AVATAR | MovieID: VERM220323 | Seats Available: 30| Slot: Morning | Movie Date: 22/03/2023,

OUTREMONT 
Movie Name: AVATAR | MovieID: OUTE210323 | Seats Available: 30| Slot: Evening | Movie Date: 21/03/2023,

05/04/2023 04:28:55: 1::Client.FrontEnd::login::CustomerID: ATWA1212
05/04/2023 04:28:55: 1::Client.FrontEnd::login::Server Name: ATWATER
05/04/2023 04:28:55: 1::Client.FrontEnd::login::Server PORT: 2501
05/04/2023 04:29:37: 1::Client.FrontEnd::referToSelectedMenuObj::CustomerID: ATWA1212 | MovieID: ATWA060423 | MovieName: AVATAR | ServerResponse: Movie deleted successfully
05/04/2023 04:29:57: 1::Client.FrontEnd::referToSelectedMenuObj::CustomerID: ATWA1212 | MovieName: AVATAR | ServerResponse: ATWATER 
Movie Name: AVATAR | MovieID: ATWM080423 | Seats Available: 50| Slot: Morning | Movie Date: 08/04/2023, 
Movie Name: AVATAR | MovieID: ATWA070423 | Seats Available: 50| Slot: Afternoon | Movie Date: 07/04/2023, 
Movie Name: AVATAR | MovieID: ATWA090423 | Seats Available: 50| Slot: Afternoon | Movie Date: 09/04/2023, 

VERDUN 
Movie Name: AVATAR | MovieID: VERM220323 | Seats Available: 30| Slot: Morning | Movie Date: 22/03/2023,

OUTREMONT 
Movie Name: AVATAR | MovieID: OUTE210323 | Seats Available: 30| Slot: Evening | Movie Date: 21/03/2023,

05/04/2023 05:08:27: 1::Client.FrontEnd::login::CustomerID: ATWA1212
05/04/2023 05:08:27: 1::Client.FrontEnd::login::Server Name: ATWATER
05/04/2023 05:08:27: 1::Client.FrontEnd::login::Server PORT: 2501
05/04/2023 05:08:42: 1::Client.FrontEnd::referToSelectedMenuObj::CustomerID: ATWA1212 | MovieName: AVATAR | ServerResponse: ATWATER 
Movie Name: AVATAR | MovieID: ATWM080423 | Seats Available: 50| Slot: Morning | Movie Date: 08/04/2023, 
Movie Name: AVATAR | MovieID: ATWA070423 | Seats Available: 50| Slot: Afternoon | Movie Date: 07/04/2023, 
Movie Name: AVATAR | MovieID: ATWA060423 | Seats Available: 50| Slot: Afternoon | Movie Date: 06/04/2023, 
Movie Name: AVATAR | MovieID: ATWA090423 | Seats Available: 50| Slot: Afternoon | Movie Date: 09/04/2023, 

VERDUN 
Movie Name: AVATAR | MovieID: VERM220323 | Seats Available: 30| Slot: Morning | Movie Date: 22/03/2023,

OUTREMONT 
Movie Name: AVATAR | MovieID: OUTE210323 | Seats Available: 30| Slot: Evening | Movie Date: 21/03/2023,

05/04/2023 05:09:48: 1::Client.FrontEnd::referToSelectedMenuObj::CustomerID: ATWA1212 | MovieID: ATWA060423 | MovieName: AVATAR | ServerResponse: Movie deleted successfully
05/04/2023 05:10:02: 1::Client.FrontEnd::referToSelectedMenuObj::CustomerID: ATWA1212 | MovieName: AVATAR | ServerResponse: ATWATER 
Movie Name: AVATAR | MovieID: ATWM080423 | Seats Available: 50| Slot: Morning | Movie Date: 08/04/2023, 
Movie Name: AVATAR | MovieID: ATWA070423 | Seats Available: 50| Slot: Afternoon | Movie Date: 07/04/2023, 
Movie Name: AVATAR | MovieID: ATWA090423 | Seats Available: 50| Slot: Afternoon | Movie Date: 09/04/2023, 

VERDUN 
Movie Name: AVATAR | MovieID: VERM220323 | Seats Available: 30| Slot: Morning | Movie Date: 22/03/2023,

OUTREMONT 
Movie Name: AVATAR | MovieID: OUTE210323 | Seats Available: 30| Slot: Evening | Movie Date: 21/03/2023,

05/04/2023 05:12:45: 1::Client.FrontEnd::referToSelectedMenuObj::CustomerID: ATWA1212 | MovieName: AVATAR | ServerResponse: ATWATER 
Movie Name: AVATAR | MovieID: ATWM080423 | Seats Available: 50| Slot: Morning | Movie Date: 08/04/2023, 
Movie Name: AVATAR | MovieID: ATWA070423 | Seats Available: 50| Slot: Afternoon | Movie Date: 07/04/2023, 
Movie Name: AVATAR | MovieID: ATWA090423 | Seats Available: 50| Slot: Afternoon | Movie Date: 09/04/2023, 

VERDUN 
Movie Name: AVATAR | MovieID: VERM220323 | Seats Available: 30| Slot: Morning | Movie Date: 22/03/2023,

OUTREMONT 
Movie Name: AVATAR | MovieID: OUTE210323 | Seats Available: 30| Slot: Evening | Movie Date: 21/03/2023,

05/04/2023 05:13:09: 1::Client.FrontEnd::referToSelectedMenuObj::CustomerID: ATWA1212 | MovieID: ATWA060423 | MovieName: AVATAR | ServerResponse: System is down
05/04/2023 05:20:54: 1::Client.FrontEnd::login::CustomerID: ATWA1212
05/04/2023 05:20:54: 1::Client.FrontEnd::login::Server Name: ATWATER
05/04/2023 05:20:54: 1::Client.FrontEnd::login::Server PORT: 2501
05/04/2023 05:21:07: 1::Client.FrontEnd::referToSelectedMenuObj::CustomerID: ATWA1212 | MovieName: AVATAR | ServerResponse: ATWATER 
Movie Name: AVATAR | MovieID: ATWM080423 | Seats Available: 50| Slot: Morning | Movie Date: 08/04/2023, 
Movie Name: AVATAR | MovieID: ATWA070423 | Seats Available: 50| Slot: Afternoon | Movie Date: 07/04/2023, 
Movie Name: AVATAR | MovieID: ATWA060423 | Seats Available: 50| Slot: Afternoon | Movie Date: 06/04/2023, 
Movie Name: AVATAR | MovieID: ATWA090423 | Seats Available: 50| Slot: Afternoon | Movie Date: 09/04/2023, 

VERDUN 
Movie Name: AVATAR | MovieID: VERM220323 | Seats Available: 30| Slot: Morning | Movie Date: 22/03/2023,

OUTREMONT 
Movie Name: AVATAR | MovieID: OUTE210323 | Seats Available: 30| Slot: Evening | Movie Date: 21/03/2023,

05/04/2023 05:21:38: 1::Client.FrontEnd::referToSelectedMenuObj::CustomerID: ATWA1212 | MovieID: ATWA060423 | MovieName: AVATAR | ServerResponse: Movie deleted successfully
05/04/2023 05:22:04: 1::Client.FrontEnd::referToSelectedMenuObj::CustomerID: ATWA1212 | MovieName: AVATAR | ServerResponse: ATWATER 
Movie Name: AVATAR | MovieID: ATWM080423 | Seats Available: 50| Slot: Morning | Movie Date: 08/04/2023, 
Movie Name: AVATAR | MovieID: ATWA070423 | Seats Available: 50| Slot: Afternoon | Movie Date: 07/04/2023, 
Movie Name: AVATAR | MovieID: ATWA090423 | Seats Available: 50| Slot: Afternoon | Movie Date: 09/04/2023, 

VERDUN 
Movie Name: AVATAR | MovieID: VERM220323 | Seats Available: 30| Slot: Morning | Movie Date: 22/03/2023,

OUTREMONT 
Movie Name: AVATAR | MovieID: OUTE210323 | Seats Available: 30| Slot: Evening | Movie Date: 21/03/2023,

05/04/2023 05:26:16: 1::Client.FrontEnd::login::CustomerID: ATWA1212
05/04/2023 05:26:16: 1::Client.FrontEnd::login::Server Name: ATWATER
05/04/2023 05:26:16: 1::Client.FrontEnd::login::Server PORT: 2501
05/04/2023 05:26:35: 1::Client.FrontEnd::referToSelectedMenuObj::CustomerID: ATWA1212 | MovieID: ATWA060423 | MovieName: AVATAR | ServerResponse: Movie deleted successfully
05/04/2023 05:26:50: 1::Client.FrontEnd::referToSelectedMenuObj::CustomerID: ATWA1212 | MovieName: AVATAR | ServerResponse: ATWATER 
Movie Name: AVATAR | MovieID: ATWM080423 | Seats Available: 50| Slot: Morning | Movie Date: 08/04/2023, 
Movie Name: AVATAR | MovieID: ATWA070423 | Seats Available: 50| Slot: Afternoon | Movie Date: 07/04/2023, 
Movie Name: AVATAR | MovieID: ATWA090423 | Seats Available: 50| Slot: Afternoon | Movie Date: 09/04/2023, 

VERDUN 
Movie Name: AVATAR | MovieID: VERM220323 | Seats Available: 30| Slot: Morning | Movie Date: 22/03/2023,

OUTREMONT 
Movie Name: AVATAR | MovieID: OUTE210323 | Seats Available: 30| Slot: Evening | Movie Date: 21/03/2023,

05/04/2023 05:27:05: 1::Client.FrontEnd::referToSelectedMenuObj::CustomerID: ATWA1212 | MovieName: AVATAR | ServerResponse: ATWATER 
Movie Name: AVATAR | MovieID: ATWM080423 | Seats Available: 50| Slot: Morning | Movie Date: 08/04/2023, 
Movie Name: AVATAR | MovieID: ATWA070423 | Seats Available: 50| Slot: Afternoon | Movie Date: 07/04/2023, 
Movie Name: AVATAR | MovieID: ATWA090423 | Seats Available: 50| Slot: Afternoon | Movie Date: 09/04/2023, 

VERDUN 
Movie Name: AVATAR | MovieID: VERM220323 | Seats Available: 30| Slot: Morning | Movie Date: 22/03/2023,

OUTREMONT 
Movie Name: AVATAR | MovieID: OUTE210323 | Seats Available: 30| Slot: Evening | Movie Date: 21/03/2023,

